DEBUG 2024-06-02 18:26:50,584 schema CREATE TABLE "django_migrations" ("id" bigint NOT NULL PRIMARY KEY GENERATED BY DEFAULT AS IDENTITY, "app" varchar(255) NOT NULL, "name" varchar(255) NOT NULL, "applied" timestamp with time zone NOT NULL); (params None)
DEBUG 2024-06-02 18:26:50,592 schema CREATE TABLE "django_content_type" ("id" integer NOT NULL PRIMARY KEY GENERATED BY DEFAULT AS IDENTITY, "name" varchar(100) NOT NULL, "app_label" varchar(100) NOT NULL, "model" varchar(100) NOT NULL); (params None)
DEBUG 2024-06-02 18:26:50,597 schema ALTER TABLE "django_content_type" ADD CONSTRAINT "django_content_type_app_label_model_76bd3d3b_uniq" UNIQUE ("app_label", "model"); (params None)
DEBUG 2024-06-02 18:26:50,604 schema ALTER TABLE "django_content_type" ALTER COLUMN "name" DROP NOT NULL; (params None)
DEBUG 2024-06-02 18:26:50,607 schema ALTER TABLE "django_content_type" DROP COLUMN "name" CASCADE; (params None)
DEBUG 2024-06-02 18:26:50,612 schema CREATE TABLE "auth_permission" ("id" integer NOT NULL PRIMARY KEY GENERATED BY DEFAULT AS IDENTITY, "name" varchar(50) NOT NULL, "content_type_id" integer NOT NULL, "codename" varchar(100) NOT NULL); (params None)
DEBUG 2024-06-02 18:26:50,619 schema CREATE TABLE "auth_group" ("id" integer NOT NULL PRIMARY KEY GENERATED BY DEFAULT AS IDENTITY, "name" varchar(80) NOT NULL UNIQUE); (params None)
DEBUG 2024-06-02 18:26:50,623 schema CREATE TABLE "auth_group_permissions" ("id" bigint NOT NULL PRIMARY KEY GENERATED BY DEFAULT AS IDENTITY, "group_id" integer NOT NULL, "permission_id" integer NOT NULL); (params None)
DEBUG 2024-06-02 18:26:50,629 schema ALTER TABLE "auth_permission" ADD CONSTRAINT "auth_permission_content_type_id_codename_01ab375a_uniq" UNIQUE ("content_type_id", "codename"); (params None)
DEBUG 2024-06-02 18:26:50,631 schema ALTER TABLE "auth_permission" ADD CONSTRAINT "auth_permission_content_type_id_2f476e4b_fk_django_co" FOREIGN KEY ("content_type_id") REFERENCES "django_content_type" ("id") DEFERRABLE INITIALLY DEFERRED; (params None)
DEBUG 2024-06-02 18:26:50,638 schema CREATE INDEX "auth_permission_content_type_id_2f476e4b" ON "auth_permission" ("content_type_id"); (params None)
DEBUG 2024-06-02 18:26:50,640 schema CREATE INDEX "auth_group_name_a6ea08ec_like" ON "auth_group" ("name" varchar_pattern_ops); (params None)
DEBUG 2024-06-02 18:26:50,641 schema ALTER TABLE "auth_group_permissions" ADD CONSTRAINT "auth_group_permissions_group_id_permission_id_0cd325b0_uniq" UNIQUE ("group_id", "permission_id"); (params None)
DEBUG 2024-06-02 18:26:50,642 schema ALTER TABLE "auth_group_permissions" ADD CONSTRAINT "auth_group_permissions_group_id_b120cbf9_fk_auth_group_id" FOREIGN KEY ("group_id") REFERENCES "auth_group" ("id") DEFERRABLE INITIALLY DEFERRED; (params None)
DEBUG 2024-06-02 18:26:50,644 schema ALTER TABLE "auth_group_permissions" ADD CONSTRAINT "auth_group_permissio_permission_id_84c5c92e_fk_auth_perm" FOREIGN KEY ("permission_id") REFERENCES "auth_permission" ("id") DEFERRABLE INITIALLY DEFERRED; (params None)
DEBUG 2024-06-02 18:26:50,645 schema CREATE INDEX "auth_group_permissions_group_id_b120cbf9" ON "auth_group_permissions" ("group_id"); (params None)
DEBUG 2024-06-02 18:26:50,647 schema CREATE INDEX "auth_group_permissions_permission_id_84c5c92e" ON "auth_group_permissions" ("permission_id"); (params None)
DEBUG 2024-06-02 18:26:50,656 schema ALTER TABLE "auth_permission" ALTER COLUMN "name" TYPE varchar(255); (params None)
DEBUG 2024-06-02 18:26:50,707 schema ALTER TABLE "auth_group" ALTER COLUMN "name" TYPE varchar(150); (params None)
DEBUG 2024-06-02 18:26:50,731 schema CREATE TABLE "openwisp_users_user" ("password" varchar(128) NOT NULL, "last_login" timestamp with time zone NULL, "is_superuser" boolean NOT NULL, "username" varchar(150) NOT NULL UNIQUE, "first_name" varchar(150) NOT NULL, "last_name" varchar(150) NOT NULL, "is_staff" boolean NOT NULL, "is_active" boolean NOT NULL, "date_joined" timestamp with time zone NOT NULL, "id" uuid NOT NULL PRIMARY KEY, "email" varchar(254) NULL UNIQUE, "bio" text NOT NULL, "url" varchar(200) NOT NULL, "company" varchar(30) NOT NULL, "location" varchar(256) NOT NULL, "phone_number" varchar(128) NULL UNIQUE, "birth_date" date NULL, "notes" text NOT NULL, "language" varchar(8) NOT NULL, "password_updated" date NULL, "notes_for_user" varchar(500) NULL); (params None)
DEBUG 2024-06-02 18:26:50,739 schema CREATE TABLE "openwisp_users_user_groups" ("id" bigint NOT NULL PRIMARY KEY GENERATED BY DEFAULT AS IDENTITY, "user_id" uuid NOT NULL, "group_id" integer NOT NULL); (params None)
DEBUG 2024-06-02 18:26:50,742 schema CREATE TABLE "openwisp_users_user_user_permissions" ("id" bigint NOT NULL PRIMARY KEY GENERATED BY DEFAULT AS IDENTITY, "user_id" uuid NOT NULL, "permission_id" integer NOT NULL); (params None)
DEBUG 2024-06-02 18:26:50,746 schema CREATE TABLE "openwisp_users_organization" ("name" varchar(200) NOT NULL, "is_active" boolean NOT NULL, "created" timestamp with time zone NOT NULL, "modified" timestamp with time zone NOT NULL, "slug" varchar(200) NOT NULL UNIQUE, "id" uuid NOT NULL PRIMARY KEY, "description" text NOT NULL, "email" varchar(254) NOT NULL, "url" varchar(200) NOT NULL); (params None)
DEBUG 2024-06-02 18:26:50,759 schema CREATE TABLE "openwisp_users_organizationuser" ("created" timestamp with time zone NOT NULL, "modified" timestamp with time zone NOT NULL, "is_admin" boolean NOT NULL, "id" uuid NOT NULL PRIMARY KEY, "organization_id" uuid NOT NULL, "user_id" uuid NOT NULL); (params None)
DEBUG 2024-06-02 18:26:50,768 schema CREATE TABLE "openwisp_users_organizationowner" ("created" timestamp with time zone NOT NULL, "modified" timestamp with time zone NOT NULL, "id" uuid NOT NULL PRIMARY KEY, "organization_id" uuid NOT NULL UNIQUE, "organization_user_id" uuid NOT NULL UNIQUE); (params None)
DEBUG 2024-06-02 18:26:50,783 schema CREATE TABLE "openwisp_users_organizationinvitation" ("id" integer NOT NULL PRIMARY KEY GENERATED BY DEFAULT AS IDENTITY, "guid" uuid NOT NULL, "invitee_identifier" varchar(1000) NOT NULL, "created" timestamp with time zone NOT NULL, "modified" timestamp with time zone NOT NULL, "invited_by_id" uuid NOT NULL, "invitee_id" uuid NULL, "organization_id" uuid NOT NULL); (params None)
DEBUG 2024-06-02 18:26:50,797 schema CREATE INDEX "openwisp_users_user_username_dbdb547a_like" ON "openwisp_users_user" ("username" varchar_pattern_ops); (params None)
DEBUG 2024-06-02 18:26:50,800 schema CREATE INDEX "openwisp_users_user_email_54f7f7ef_like" ON "openwisp_users_user" ("email" varchar_pattern_ops); (params None)
DEBUG 2024-06-02 18:26:50,802 schema CREATE INDEX "openwisp_users_user_phone_number_75aac3b2_like" ON "openwisp_users_user" ("phone_number" varchar_pattern_ops); (params None)
DEBUG 2024-06-02 18:26:50,804 schema CREATE INDEX "openwisp_users_user_id_email_9e1c801a_idx" ON "openwisp_users_user" ("id", "email"); (params None)
DEBUG 2024-06-02 18:26:50,806 schema ALTER TABLE "openwisp_users_user_groups" ADD CONSTRAINT "openwisp_users_user_groups_user_id_group_id_7b92002e_uniq" UNIQUE ("user_id", "group_id"); (params None)
DEBUG 2024-06-02 18:26:50,808 schema ALTER TABLE "openwisp_users_user_groups" ADD CONSTRAINT "openwisp_users_user__user_id_2371794b_fk_openwisp_" FOREIGN KEY ("user_id") REFERENCES "openwisp_users_user" ("id") DEFERRABLE INITIALLY DEFERRED; (params None)
DEBUG 2024-06-02 18:26:50,810 schema ALTER TABLE "openwisp_users_user_groups" ADD CONSTRAINT "openwisp_users_user_groups_group_id_e9ab4901_fk_auth_group_id" FOREIGN KEY ("group_id") REFERENCES "auth_group" ("id") DEFERRABLE INITIALLY DEFERRED; (params None)
DEBUG 2024-06-02 18:26:50,811 schema CREATE INDEX "openwisp_users_user_groups_user_id_2371794b" ON "openwisp_users_user_groups" ("user_id"); (params None)
DEBUG 2024-06-02 18:26:50,813 schema CREATE INDEX "openwisp_users_user_groups_group_id_e9ab4901" ON "openwisp_users_user_groups" ("group_id"); (params None)
DEBUG 2024-06-02 18:26:50,815 schema ALTER TABLE "openwisp_users_user_user_permissions" ADD CONSTRAINT "openwisp_users_user_user_user_id_permission_id_24ba4ccf_uniq" UNIQUE ("user_id", "permission_id"); (params None)
DEBUG 2024-06-02 18:26:50,817 schema ALTER TABLE "openwisp_users_user_user_permissions" ADD CONSTRAINT "openwisp_users_user__user_id_f3610345_fk_openwisp_" FOREIGN KEY ("user_id") REFERENCES "openwisp_users_user" ("id") DEFERRABLE INITIALLY DEFERRED; (params None)
DEBUG 2024-06-02 18:26:50,818 schema ALTER TABLE "openwisp_users_user_user_permissions" ADD CONSTRAINT "openwisp_users_user__permission_id_f00dc354_fk_auth_perm" FOREIGN KEY ("permission_id") REFERENCES "auth_permission" ("id") DEFERRABLE INITIALLY DEFERRED; (params None)
DEBUG 2024-06-02 18:26:50,820 schema CREATE INDEX "openwisp_users_user_user_permissions_user_id_f3610345" ON "openwisp_users_user_user_permissions" ("user_id"); (params None)
DEBUG 2024-06-02 18:26:50,823 schema CREATE INDEX "openwisp_users_user_user_permissions_permission_id_f00dc354" ON "openwisp_users_user_user_permissions" ("permission_id"); (params None)
DEBUG 2024-06-02 18:26:50,824 schema CREATE INDEX "openwisp_users_organization_slug_2afb9028_like" ON "openwisp_users_organization" ("slug" varchar_pattern_ops); (params None)
DEBUG 2024-06-02 18:26:50,825 schema ALTER TABLE "openwisp_users_organizationuser" ADD CONSTRAINT "openwisp_users_organizat_user_id_organization_id_d40e96a2_uniq" UNIQUE ("user_id", "organization_id"); (params None)
DEBUG 2024-06-02 18:26:50,827 schema ALTER TABLE "openwisp_users_organizationuser" ADD CONSTRAINT "openwisp_users_organ_organization_id_a1c43bbd_fk_openwisp_" FOREIGN KEY ("organization_id") REFERENCES "openwisp_users_organization" ("id") DEFERRABLE INITIALLY DEFERRED; (params None)
DEBUG 2024-06-02 18:26:50,828 schema ALTER TABLE "openwisp_users_organizationuser" ADD CONSTRAINT "openwisp_users_organ_user_id_a5799aa4_fk_openwisp_" FOREIGN KEY ("user_id") REFERENCES "openwisp_users_user" ("id") DEFERRABLE INITIALLY DEFERRED; (params None)
DEBUG 2024-06-02 18:26:50,829 schema CREATE INDEX "openwisp_users_organizationuser_organization_id_a1c43bbd" ON "openwisp_users_organizationuser" ("organization_id"); (params None)
DEBUG 2024-06-02 18:26:50,830 schema CREATE INDEX "openwisp_users_organizationuser_user_id_a5799aa4" ON "openwisp_users_organizationuser" ("user_id"); (params None)
DEBUG 2024-06-02 18:26:50,832 schema ALTER TABLE "openwisp_users_organizationowner" ADD CONSTRAINT "openwisp_users_organ_organization_id_b08613ce_fk_openwisp_" FOREIGN KEY ("organization_id") REFERENCES "openwisp_users_organization" ("id") DEFERRABLE INITIALLY DEFERRED; (params None)
DEBUG 2024-06-02 18:26:50,835 schema ALTER TABLE "openwisp_users_organizationowner" ADD CONSTRAINT "openwisp_users_organ_organization_user_id_07ddf455_fk_openwisp_" FOREIGN KEY ("organization_user_id") REFERENCES "openwisp_users_organizationuser" ("id") DEFERRABLE INITIALLY DEFERRED; (params None)
DEBUG 2024-06-02 18:26:50,837 schema ALTER TABLE "openwisp_users_organizationinvitation" ADD CONSTRAINT "openwisp_users_organ_invited_by_id_69a7098a_fk_openwisp_" FOREIGN KEY ("invited_by_id") REFERENCES "openwisp_users_user" ("id") DEFERRABLE INITIALLY DEFERRED; (params None)
DEBUG 2024-06-02 18:26:50,839 schema ALTER TABLE "openwisp_users_organizationinvitation" ADD CONSTRAINT "openwisp_users_organ_invitee_id_d3c1b419_fk_openwisp_" FOREIGN KEY ("invitee_id") REFERENCES "openwisp_users_user" ("id") DEFERRABLE INITIALLY DEFERRED; (params None)
DEBUG 2024-06-02 18:26:50,841 schema ALTER TABLE "openwisp_users_organizationinvitation" ADD CONSTRAINT "openwisp_users_organ_organization_id_17466f8f_fk_openwisp_" FOREIGN KEY ("organization_id") REFERENCES "openwisp_users_organization" ("id") DEFERRABLE INITIALLY DEFERRED; (params None)
DEBUG 2024-06-02 18:26:50,842 schema CREATE INDEX "openwisp_users_organizationinvitation_invited_by_id_69a7098a" ON "openwisp_users_organizationinvitation" ("invited_by_id"); (params None)
DEBUG 2024-06-02 18:26:50,844 schema CREATE INDEX "openwisp_users_organizationinvitation_invitee_id_d3c1b419" ON "openwisp_users_organizationinvitation" ("invitee_id"); (params None)
DEBUG 2024-06-02 18:26:50,845 schema CREATE INDEX "openwisp_users_organizationinvitation_organization_id_17466f8f" ON "openwisp_users_organizationinvitation" ("organization_id"); (params None)
DEBUG 2024-06-02 18:26:50,865 schema CREATE TABLE "account_emailaddress" ("id" integer NOT NULL PRIMARY KEY GENERATED BY DEFAULT AS IDENTITY, "email" varchar(75) NOT NULL UNIQUE, "verified" boolean NOT NULL, "primary" boolean NOT NULL, "user_id" uuid NOT NULL); (params None)
DEBUG 2024-06-02 18:26:50,880 schema CREATE TABLE "account_emailconfirmation" ("id" integer NOT NULL PRIMARY KEY GENERATED BY DEFAULT AS IDENTITY, "created" timestamp with time zone NOT NULL, "sent" timestamp with time zone NULL, "key" varchar(64) NOT NULL UNIQUE, "email_address_id" integer NOT NULL); (params None)
DEBUG 2024-06-02 18:26:50,885 schema ALTER TABLE "account_emailaddress" ADD CONSTRAINT "account_emailaddress_user_id_2c513194_fk_openwisp_users_user_id" FOREIGN KEY ("user_id") REFERENCES "openwisp_users_user" ("id") DEFERRABLE INITIALLY DEFERRED; (params None)
DEBUG 2024-06-02 18:26:50,887 schema CREATE INDEX "account_emailaddress_email_03be32b2_like" ON "account_emailaddress" ("email" varchar_pattern_ops); (params None)
DEBUG 2024-06-02 18:26:50,890 schema CREATE INDEX "account_emailaddress_user_id_2c513194" ON "account_emailaddress" ("user_id"); (params None)
DEBUG 2024-06-02 18:26:50,891 schema ALTER TABLE "account_emailconfirmation" ADD CONSTRAINT "account_emailconfirm_email_address_id_5b7f8c58_fk_account_e" FOREIGN KEY ("email_address_id") REFERENCES "account_emailaddress" ("id") DEFERRABLE INITIALLY DEFERRED; (params None)
DEBUG 2024-06-02 18:26:50,893 schema CREATE INDEX "account_emailconfirmation_key_f43612bd_like" ON "account_emailconfirmation" ("key" varchar_pattern_ops); (params None)
DEBUG 2024-06-02 18:26:50,894 schema CREATE INDEX "account_emailconfirmation_email_address_id_5b7f8c58" ON "account_emailconfirmation" ("email_address_id"); (params None)
DEBUG 2024-06-02 18:26:50,907 schema ALTER TABLE "account_emailaddress" ALTER COLUMN "email" TYPE varchar(254); (params None)
DEBUG 2024-06-02 18:26:50,921 schema CREATE TABLE "django_admin_log" ("id" integer NOT NULL PRIMARY KEY GENERATED BY DEFAULT AS IDENTITY, "action_time" timestamp with time zone NOT NULL, "object_id" text NULL, "object_repr" varchar(200) NOT NULL, "action_flag" smallint NOT NULL CHECK ("action_flag" >= 0), "change_message" text NOT NULL, "content_type_id" integer NULL, "user_id" uuid NOT NULL); (params None)
DEBUG 2024-06-02 18:26:50,926 schema ALTER TABLE "django_admin_log" ADD CONSTRAINT "django_admin_log_content_type_id_c4bce8eb_fk_django_co" FOREIGN KEY ("content_type_id") REFERENCES "django_content_type" ("id") DEFERRABLE INITIALLY DEFERRED; (params None)
DEBUG 2024-06-02 18:26:50,928 schema ALTER TABLE "django_admin_log" ADD CONSTRAINT "django_admin_log_user_id_c564eba6_fk_openwisp_users_user_id" FOREIGN KEY ("user_id") REFERENCES "openwisp_users_user" ("id") DEFERRABLE INITIALLY DEFERRED; (params None)
DEBUG 2024-06-02 18:26:50,929 schema CREATE INDEX "django_admin_log_content_type_id_c4bce8eb" ON "django_admin_log" ("content_type_id"); (params None)
DEBUG 2024-06-02 18:26:50,931 schema CREATE INDEX "django_admin_log_user_id_c564eba6" ON "django_admin_log" ("user_id"); (params None)
DEBUG 2024-06-02 18:26:50,980 schema CREATE TABLE "authtoken_token" ("key" varchar(40) NOT NULL PRIMARY KEY, "created" timestamp with time zone NOT NULL, "user_id" uuid NOT NULL UNIQUE); (params None)
DEBUG 2024-06-02 18:26:50,983 schema ALTER TABLE "authtoken_token" ADD CONSTRAINT "authtoken_token_user_id_35299eff_fk_openwisp_users_user_id" FOREIGN KEY ("user_id") REFERENCES "openwisp_users_user" ("id") DEFERRABLE INITIALLY DEFERRED; (params None)
DEBUG 2024-06-02 18:26:50,985 schema CREATE INDEX "authtoken_token_key_10f0b77e_like" ON "authtoken_token" ("key" varchar_pattern_ops); (params None)
DEBUG 2024-06-02 18:26:51,040 schema CREATE TABLE "nas" ("id" uuid NOT NULL PRIMARY KEY, "created" timestamp with time zone NOT NULL, "modified" timestamp with time zone NOT NULL, "nasname" varchar(128) NOT NULL, "shortname" varchar(32) NOT NULL, "type" varchar(30) NOT NULL, "ports" integer NULL CHECK ("ports" >= 0), "secret" varchar(60) NOT NULL, "server" varchar(64) NULL, "community" varchar(50) NULL, "description" varchar(200) NULL); (params None)
DEBUG 2024-06-02 18:26:51,046 schema CREATE TABLE "openwisp_radius_organizationradiussettings" ("id" uuid NOT NULL PRIMARY KEY, "token" varchar(32) NOT NULL, "sms_verification" boolean NULL, "needs_identity_verification" boolean NULL, "sms_sender" varchar(128) NULL, "sms_message" text NULL, "sms_cooldown" integer NULL CHECK ("sms_cooldown" >= 0), "sms_meta_data" text NULL, "freeradius_allowed_hosts" text NULL, "coa_enabled" boolean NULL, "allowed_mobile_prefixes" text NULL, "first_name" varchar(12) NULL, "last_name" varchar(12) NULL, "location" varchar(12) NULL, "birth_date" varchar(12) NULL, "registration_enabled" boolean NULL, "saml_registration_enabled" boolean NULL, "mac_addr_roaming_enabled" boolean NULL, "social_registration_enabled" boolean NULL, "login_url" varchar(200) NULL, "status_url" varchar(200) NULL, "password_reset_url" varchar(200) NULL); (params None)
DEBUG 2024-06-02 18:26:51,057 schema CREATE TABLE "openwisp_radius_phonetoken" ("id" uuid NOT NULL PRIMARY KEY, "created" timestamp with time zone NOT NULL, "modified" timestamp with time zone NOT NULL, "valid_until" timestamp with time zone NOT NULL, "attempts" integer NOT NULL CHECK ("attempts" >= 0), "verified" boolean NOT NULL, "token" varchar(8) NOT NULL, "ip" inet NOT NULL, "phone_number" varchar(128) NOT NULL); (params None)
DEBUG 2024-06-02 18:26:51,063 schema CREATE TABLE "radacct" ("acctsessionid" varchar(64) NOT NULL, "acctuniqueid" varchar(32) NOT NULL PRIMARY KEY, "username" varchar(64) NULL, "groupname" varchar(64) NULL, "realm" varchar(64) NULL, "nasipaddress" inet NOT NULL, "nasportid" varchar(15) NULL, "nasporttype" varchar(32) NULL, "acctstarttime" timestamp with time zone NULL, "acctupdatetime" timestamp with time zone NULL, "acctstoptime" timestamp with time zone NULL, "acctinterval" integer NULL, "acctsessiontime" integer NULL CHECK ("acctsessiontime" >= 0), "acctauthentic" varchar(32) NULL, "connectinfo_start" varchar(50) NULL, "connectinfo_stop" varchar(50) NULL, "acctinputoctets" bigint NULL, "acctoutputoctets" bigint NULL, "calledstationid" varchar(50) NULL, "callingstationid" varchar(50) NULL, "acctterminatecause" varchar(32) NULL, "servicetype" varchar(32) NULL, "framedprotocol" varchar(32) NULL, "framedipaddress" inet NULL, "framedipv6address" inet NULL, "framedipv6prefix" varchar(44) NULL, "framedinterfaceid" varchar(19) NULL, "delegatedipv6prefix" varchar(44) NULL); (params None)
DEBUG 2024-06-02 18:26:51,069 schema CREATE TABLE "radbatch" ("id" uuid NOT NULL PRIMARY KEY, "created" timestamp with time zone NOT NULL, "modified" timestamp with time zone NOT NULL, "strategy" varchar(16) NOT NULL, "name" varchar(128) NOT NULL, "csvfile" varchar(100) NULL, "prefix" varchar(20) NULL, "user_credentials" text NULL, "expiration_date" date NULL); (params None)
DEBUG 2024-06-02 18:26:51,075 schema CREATE TABLE "radcheck" ("id" uuid NOT NULL PRIMARY KEY, "created" timestamp with time zone NOT NULL, "modified" timestamp with time zone NOT NULL, "username" varchar(64) NOT NULL, "value" varchar(253) NOT NULL, "op" varchar(2) NOT NULL, "attribute" varchar(64) NOT NULL); (params None)
DEBUG 2024-06-02 18:26:51,078 schema CREATE TABLE "openwisp_radius_radiusgroup" ("id" uuid NOT NULL PRIMARY KEY, "created" timestamp with time zone NOT NULL, "modified" timestamp with time zone NOT NULL, "name" varchar(255) NOT NULL UNIQUE, "description" varchar(64) NULL, "default" boolean NOT NULL); (params None)
DEBUG 2024-06-02 18:26:51,082 schema CREATE TABLE "radgroupcheck" ("id" uuid NOT NULL PRIMARY KEY, "created" timestamp with time zone NOT NULL, "modified" timestamp with time zone NOT NULL, "groupname" varchar(64) NOT NULL, "attribute" varchar(64) NOT NULL, "op" varchar(2) NOT NULL, "value" varchar(253) NOT NULL); (params None)
DEBUG 2024-06-02 18:26:51,087 schema CREATE TABLE "radgroupreply" ("id" uuid NOT NULL PRIMARY KEY, "created" timestamp with time zone NOT NULL, "modified" timestamp with time zone NOT NULL, "groupname" varchar(64) NOT NULL, "attribute" varchar(64) NOT NULL, "op" varchar(2) NOT NULL, "value" varchar(253) NOT NULL); (params None)
DEBUG 2024-06-02 18:26:51,092 schema CREATE TABLE "radpostauth" ("id" uuid NOT NULL PRIMARY KEY, "username" varchar(64) NOT NULL, "pass" varchar(64) NOT NULL, "reply" varchar(32) NOT NULL, "calledstationid" varchar(50) NULL, "callingstationid" varchar(50) NULL, "authdate" timestamp with time zone NOT NULL); (params None)
DEBUG 2024-06-02 18:26:51,095 schema CREATE TABLE "radreply" ("id" uuid NOT NULL PRIMARY KEY, "created" timestamp with time zone NOT NULL, "modified" timestamp with time zone NOT NULL, "username" varchar(64) NOT NULL, "value" varchar(253) NOT NULL, "op" varchar(2) NOT NULL, "attribute" varchar(64) NOT NULL); (params None)
DEBUG 2024-06-02 18:26:51,099 schema CREATE TABLE "radiustoken" ("created" timestamp with time zone NOT NULL, "key" varchar(40) NOT NULL PRIMARY KEY, "can_auth" boolean NOT NULL); (params None)
DEBUG 2024-06-02 18:26:51,102 schema CREATE TABLE "radusergroup" ("id" uuid NOT NULL PRIMARY KEY, "created" timestamp with time zone NOT NULL, "modified" timestamp with time zone NOT NULL, "username" varchar(64) NOT NULL, "groupname" varchar(64) NOT NULL, "priority" integer NOT NULL); (params None)
DEBUG 2024-06-02 18:26:51,106 schema CREATE INDEX "nas_nasname_2a874c39" ON "nas" ("nasname"); (params None)
DEBUG 2024-06-02 18:26:51,107 schema CREATE INDEX "nas_nasname_2a874c39_like" ON "nas" ("nasname" varchar_pattern_ops); (params None)
DEBUG 2024-06-02 18:26:51,108 schema CREATE INDEX "radacct_acctsessionid_67584b28" ON "radacct" ("acctsessionid"); (params None)
DEBUG 2024-06-02 18:26:51,110 schema CREATE INDEX "radacct_acctsessionid_67584b28_like" ON "radacct" ("acctsessionid" varchar_pattern_ops); (params None)
DEBUG 2024-06-02 18:26:51,112 schema CREATE INDEX "radacct_acctuniqueid_d5e462ac_like" ON "radacct" ("acctuniqueid" varchar_pattern_ops); (params None)
DEBUG 2024-06-02 18:26:51,113 schema CREATE INDEX "radacct_username_2b99049d" ON "radacct" ("username"); (params None)
DEBUG 2024-06-02 18:26:51,114 schema CREATE INDEX "radacct_username_2b99049d_like" ON "radacct" ("username" varchar_pattern_ops); (params None)
DEBUG 2024-06-02 18:26:51,117 schema CREATE INDEX "radacct_nasipaddress_130a761d" ON "radacct" ("nasipaddress"); (params None)
DEBUG 2024-06-02 18:26:51,119 schema CREATE INDEX "radacct_acctstarttime_3e3f73a6" ON "radacct" ("acctstarttime"); (params None)
DEBUG 2024-06-02 18:26:51,121 schema CREATE INDEX "radacct_acctstoptime_edf090cf" ON "radacct" ("acctstoptime"); (params None)
DEBUG 2024-06-02 18:26:51,123 schema CREATE INDEX "radacct_calledstationid_459c474f" ON "radacct" ("calledstationid"); (params None)
DEBUG 2024-06-02 18:26:51,125 schema CREATE INDEX "radacct_calledstationid_459c474f_like" ON "radacct" ("calledstationid" varchar_pattern_ops); (params None)
DEBUG 2024-06-02 18:26:51,127 schema CREATE INDEX "radacct_callingstationid_574c1364" ON "radacct" ("callingstationid"); (params None)
DEBUG 2024-06-02 18:26:51,153 schema CREATE INDEX "radacct_callingstationid_574c1364_like" ON "radacct" ("callingstationid" varchar_pattern_ops); (params None)
DEBUG 2024-06-02 18:26:51,154 schema CREATE INDEX "radbatch_strategy_1fe16152" ON "radbatch" ("strategy"); (params None)
DEBUG 2024-06-02 18:26:51,159 schema CREATE INDEX "radbatch_strategy_1fe16152_like" ON "radbatch" ("strategy" varchar_pattern_ops); (params None)
DEBUG 2024-06-02 18:26:51,162 schema CREATE INDEX "radbatch_name_15eac8ea" ON "radbatch" ("name"); (params None)
DEBUG 2024-06-02 18:26:51,164 schema CREATE INDEX "radbatch_name_15eac8ea_like" ON "radbatch" ("name" varchar_pattern_ops); (params None)
DEBUG 2024-06-02 18:26:51,165 schema CREATE INDEX "radcheck_username_761f015c" ON "radcheck" ("username"); (params None)
DEBUG 2024-06-02 18:26:51,166 schema CREATE INDEX "radcheck_username_761f015c_like" ON "radcheck" ("username" varchar_pattern_ops); (params None)
DEBUG 2024-06-02 18:26:51,170 schema CREATE INDEX "openwisp_radius_radiusgroup_name_f6e8ae08_like" ON "openwisp_radius_radiusgroup" ("name" varchar_pattern_ops); (params None)
DEBUG 2024-06-02 18:26:51,176 schema CREATE INDEX "radgroupcheck_groupname_e379d2bb" ON "radgroupcheck" ("groupname"); (params None)
DEBUG 2024-06-02 18:26:51,178 schema CREATE INDEX "radgroupcheck_groupname_e379d2bb_like" ON "radgroupcheck" ("groupname" varchar_pattern_ops); (params None)
DEBUG 2024-06-02 18:26:51,182 schema CREATE INDEX "radgroupreply_groupname_47789679" ON "radgroupreply" ("groupname"); (params None)
DEBUG 2024-06-02 18:26:51,184 schema CREATE INDEX "radgroupreply_groupname_47789679_like" ON "radgroupreply" ("groupname" varchar_pattern_ops); (params None)
DEBUG 2024-06-02 18:26:51,186 schema CREATE INDEX "radreply_username_e78f923c" ON "radreply" ("username"); (params None)
DEBUG 2024-06-02 18:26:51,192 schema CREATE INDEX "radreply_username_e78f923c_like" ON "radreply" ("username" varchar_pattern_ops); (params None)
DEBUG 2024-06-02 18:26:51,194 schema CREATE INDEX "radiustoken_key_93bb03e5_like" ON "radiustoken" ("key" varchar_pattern_ops); (params None)
DEBUG 2024-06-02 18:26:51,197 schema CREATE INDEX "radusergroup_username_743b42e3" ON "radusergroup" ("username"); (params None)
DEBUG 2024-06-02 18:26:51,198 schema CREATE INDEX "radusergroup_username_743b42e3_like" ON "radusergroup" ("username" varchar_pattern_ops); (params None)
DEBUG 2024-06-02 18:26:51,206 schema CREATE TABLE "gmtisp_billing_bandwidthsettings" ("id" bigint NOT NULL PRIMARY KEY GENERATED BY DEFAULT AS IDENTITY, "name" varchar(32) NULL, "rate_limit_up" varchar(64) NULL, "rate_limit_down" varchar(64) NULL, "burst_rate_up" varchar(64) NULL, "burst_rate_down" varchar(64) NULL, "burst_threshold_up" varchar(64) NULL, "burst_threshold_down" varchar(64) NULL, "min_rate_up" varchar(64) NULL, "min_rate_down" varchar(64) NULL, "burst_time_up" varchar(64) NULL, "burst_time_down" varchar(64) NULL, "priority" integer NOT NULL); (params None)
DEBUG 2024-06-02 18:26:51,228 schema CREATE TABLE "gmtisp_billing_billinginfo" ("id" bigint NOT NULL PRIMARY KEY GENERATED BY DEFAULT AS IDENTITY, "created" timestamp with time zone NULL, "updated_at" timestamp with time zone NULL, "tax_number" varchar(200) NOT NULL, "name" varchar(200) NOT NULL, "street" varchar(200) NOT NULL, "zipcode" varchar(200) NOT NULL, "city" varchar(200) NOT NULL, "country" varchar(2) NOT NULL, "shipping_name" varchar(200) NOT NULL, "shipping_street" varchar(200) NOT NULL, "shipping_zipcode" varchar(200) NOT NULL, "shipping_city" varchar(200) NOT NULL, "shipping_country" varchar(2) NOT NULL); (params None)
DEBUG 2024-06-02 18:26:51,250 schema CREATE TABLE "gmtisp_billing_invoice" ("id" bigint NOT NULL PRIMARY KEY GENERATED BY DEFAULT AS IDENTITY, "created" timestamp with time zone NULL, "updated_at" timestamp with time zone NULL, "number" integer NOT NULL, "full_number" varchar(200) NOT NULL, "type" integer NOT NULL, "issued" date NOT NULL, "issued_duplicate" date NULL, "selling_date" date NULL, "payment_date" date NOT NULL, "unit_price_net" numeric(7, 2) NOT NULL, "quantity" integer NOT NULL, "total_net" numeric(7, 2) NOT NULL, "total" numeric(7, 2) NOT NULL, "tax_total" numeric(7, 2) NOT NULL, "tax" numeric(4, 2) NULL, "rebate" numeric(4, 2) NOT NULL, "currency" varchar(3) NOT NULL, "item_description" varchar(200) NOT NULL, "buyer_name" varchar(200) NOT NULL, "buyer_street" varchar(200) NOT NULL, "buyer_zipcode" varchar(200) NOT NULL, "buyer_city" varchar(200) NOT NULL, "buyer_country" varchar(2) NOT NULL, "buyer_tax_number" varchar(200) NOT NULL, "shipping_name" varchar(200) NOT NULL, "shipping_street" varchar(200) NOT NULL, "shipping_zipcode" varchar(200) NOT NULL, "shipping_city" varchar(200) NOT NULL, "shipping_country" varchar(2) NOT NULL, "require_shipment" boolean NOT NULL, "issuer_name" varchar(200) NOT NULL, "issuer_street" varchar(200) NOT NULL, "issuer_zipcode" varchar(200) NOT NULL, "issuer_city" varchar(200) NOT NULL, "issuer_country" varchar(2) NOT NULL, "issuer_tax_number" varchar(200) NOT NULL); (params None)
DEBUG 2024-06-02 18:26:51,266 schema CREATE TABLE "gmtisp_billing_order" ("id" bigint NOT NULL PRIMARY KEY GENERATED BY DEFAULT AS IDENTITY, "created" timestamp with time zone NULL, "updated_at" timestamp with time zone NULL, "flat_name" varchar(200) NULL, "completed" timestamp with time zone NULL, "plan_extended_from" date NULL, "plan_extended_until" date NULL, "amount" numeric(7, 2) NOT NULL, "tax" numeric(4, 2) NULL, "currency" varchar(3) NOT NULL, "status" integer NOT NULL); (params None)
DEBUG 2024-06-02 18:26:51,276 schema CREATE TABLE "gmtisp_billing_plan" ("id" bigint NOT NULL PRIMARY KEY GENERATED BY DEFAULT AS IDENTITY, "order" integer NOT NULL CHECK ("order" >= 0), "created" timestamp with time zone NULL, "updated_at" timestamp with time zone NULL, "name" varchar(100) NOT NULL, "slug" varchar(100) NULL, "description" varchar(500) NOT NULL, "available" boolean NOT NULL, "visible" boolean NOT NULL, "requires_payment" boolean NOT NULL, "rollover_allowed" boolean NOT NULL, "plan_setup_cost" numeric(7, 2) NULL, "url" varchar(200) NOT NULL, "plan_class" varchar(16) NOT NULL, "plan_type" varchar(16) NOT NULL, "rating" double precision NULL, "default" boolean NULL); (params None)
DEBUG 2024-06-02 18:26:51,287 schema CREATE TABLE "gmtisp_billing_planpricing" ("id" bigint NOT NULL PRIMARY KEY GENERATED BY DEFAULT AS IDENTITY, "created" timestamp with time zone NULL, "updated_at" timestamp with time zone NULL, "price" numeric(7, 2) NOT NULL, "order" integer NOT NULL, "has_automatic_renewal" boolean NOT NULL, "visible" boolean NOT NULL); (params None)
DEBUG 2024-06-02 18:26:51,294 schema CREATE TABLE "gmtisp_billing_planquota" ("id" bigint NOT NULL PRIMARY KEY GENERATED BY DEFAULT AS IDENTITY, "created" timestamp with time zone NULL, "updated_at" timestamp with time zone NULL, "value" bigint NULL); (params None)
DEBUG 2024-06-02 18:26:51,299 schema CREATE TABLE "gmtisp_billing_pricing" ("id" bigint NOT NULL PRIMARY KEY GENERATED BY DEFAULT AS IDENTITY, "created" timestamp with time zone NULL, "updated_at" timestamp with time zone NULL, "name" varchar(100) NOT NULL, "period" integer NULL CHECK ("period" >= 0), "url" varchar(200) NOT NULL); (params None)
DEBUG 2024-06-02 18:26:51,306 schema CREATE TABLE "gmtisp_billing_quota" ("id" bigint NOT NULL PRIMARY KEY GENERATED BY DEFAULT AS IDENTITY, "order" integer NOT NULL CHECK ("order" >= 0), "created" timestamp with time zone NULL, "updated_at" timestamp with time zone NULL, "codename" varchar(50) NOT NULL UNIQUE, "name" varchar(100) NOT NULL, "unit" varchar(100) NOT NULL, "description" text NOT NULL, "is_boolean" boolean NOT NULL, "url" varchar(200) NOT NULL); (params None)
DEBUG 2024-06-02 18:26:51,313 schema CREATE TABLE "gmtisp_billing_recurringuserplan" ("id" bigint NOT NULL PRIMARY KEY GENERATED BY DEFAULT AS IDENTITY, "created" timestamp with time zone NULL, "updated_at" timestamp with time zone NULL, "token" varchar(255) NULL, "payment_provider" varchar(255) NULL, "amount" numeric(7, 2) NULL, "tax" numeric(4, 2) NULL, "currency" varchar(3) NOT NULL, "has_automatic_renewal" boolean NOT NULL, "token_verified" boolean NOT NULL, "card_expire_year" integer NULL, "card_expire_month" integer NULL, "card_masked_number" varchar(255) NULL); (params None)
DEBUG 2024-06-02 18:26:51,321 schema CREATE TABLE "gmtisp_billing_userplan" ("id" bigint NOT NULL PRIMARY KEY GENERATED BY DEFAULT AS IDENTITY, "created" timestamp with time zone NULL, "updated_at" timestamp with time zone NULL, "expire" date NULL, "active" boolean NOT NULL); (params None)
DEBUG 2024-06-02 18:26:51,325 schema CREATE INDEX "gmtisp_billing_billinginfo_created_8078f3b4" ON "gmtisp_billing_billinginfo" ("created"); (params None)
DEBUG 2024-06-02 18:26:51,330 schema CREATE INDEX "gmtisp_billing_billinginfo_tax_number_f81961e0" ON "gmtisp_billing_billinginfo" ("tax_number"); (params None)
DEBUG 2024-06-02 18:26:51,336 schema CREATE INDEX "gmtisp_billing_billinginfo_tax_number_f81961e0_like" ON "gmtisp_billing_billinginfo" ("tax_number" varchar_pattern_ops); (params None)
DEBUG 2024-06-02 18:26:51,338 schema CREATE INDEX "gmtisp_billing_billinginfo_name_f46679a6" ON "gmtisp_billing_billinginfo" ("name"); (params None)
DEBUG 2024-06-02 18:26:51,339 schema CREATE INDEX "gmtisp_billing_billinginfo_name_f46679a6_like" ON "gmtisp_billing_billinginfo" ("name" varchar_pattern_ops); (params None)
DEBUG 2024-06-02 18:26:51,341 schema CREATE INDEX "gmtisp_billing_invoice_created_bb818b52" ON "gmtisp_billing_invoice" ("created"); (params None)
DEBUG 2024-06-02 18:26:51,343 schema CREATE INDEX "gmtisp_billing_invoice_number_b6d0d1fb" ON "gmtisp_billing_invoice" ("number"); (params None)
DEBUG 2024-06-02 18:26:51,345 schema CREATE INDEX "gmtisp_billing_invoice_type_bfd8b2e8" ON "gmtisp_billing_invoice" ("type"); (params None)
DEBUG 2024-06-02 18:26:51,346 schema CREATE INDEX "gmtisp_billing_invoice_issued_4b557a96" ON "gmtisp_billing_invoice" ("issued"); (params None)
DEBUG 2024-06-02 18:26:51,348 schema CREATE INDEX "gmtisp_billing_invoice_issued_duplicate_9c266f39" ON "gmtisp_billing_invoice" ("issued_duplicate"); (params None)
DEBUG 2024-06-02 18:26:51,350 schema CREATE INDEX "gmtisp_billing_invoice_selling_date_58e8b04a" ON "gmtisp_billing_invoice" ("selling_date"); (params None)
DEBUG 2024-06-02 18:26:51,352 schema CREATE INDEX "gmtisp_billing_invoice_payment_date_779ee42b" ON "gmtisp_billing_invoice" ("payment_date"); (params None)
DEBUG 2024-06-02 18:26:51,355 schema CREATE INDEX "gmtisp_billing_invoice_tax_aad1827d" ON "gmtisp_billing_invoice" ("tax"); (params None)
DEBUG 2024-06-02 18:26:51,357 schema CREATE INDEX "gmtisp_billing_invoice_require_shipment_b11c7303" ON "gmtisp_billing_invoice" ("require_shipment"); (params None)
DEBUG 2024-06-02 18:26:51,358 schema CREATE INDEX "gmtisp_billing_order_created_5d122208" ON "gmtisp_billing_order" ("created"); (params None)
DEBUG 2024-06-02 18:26:51,373 schema CREATE INDEX "gmtisp_billing_order_completed_8092ab19" ON "gmtisp_billing_order" ("completed"); (params None)
DEBUG 2024-06-02 18:26:51,374 schema CREATE INDEX "gmtisp_billing_order_amount_2fb0311e" ON "gmtisp_billing_order" ("amount"); (params None)
DEBUG 2024-06-02 18:26:51,391 schema CREATE INDEX "gmtisp_billing_order_tax_3f5e7e79" ON "gmtisp_billing_order" ("tax"); (params None)
DEBUG 2024-06-02 18:26:51,394 schema CREATE INDEX "gmtisp_billing_plan_order_21e0a9ae" ON "gmtisp_billing_plan" ("order"); (params None)
DEBUG 2024-06-02 18:26:51,395 schema CREATE INDEX "gmtisp_billing_plan_created_355f5017" ON "gmtisp_billing_plan" ("created"); (params None)
DEBUG 2024-06-02 18:26:51,397 schema CREATE INDEX "gmtisp_billing_plan_available_2028c346" ON "gmtisp_billing_plan" ("available"); (params None)
DEBUG 2024-06-02 18:26:51,399 schema CREATE INDEX "gmtisp_billing_plan_visible_f6c70467" ON "gmtisp_billing_plan" ("visible"); (params None)
DEBUG 2024-06-02 18:26:51,400 schema CREATE INDEX "gmtisp_billing_plan_requires_payment_14b5895c" ON "gmtisp_billing_plan" ("requires_payment"); (params None)
DEBUG 2024-06-02 18:26:51,402 schema CREATE INDEX "gmtisp_billing_plan_rollover_allowed_c5f4b8f4" ON "gmtisp_billing_plan" ("rollover_allowed"); (params None)
DEBUG 2024-06-02 18:26:51,403 schema CREATE INDEX "gmtisp_billing_plan_plan_setup_cost_84955301" ON "gmtisp_billing_plan" ("plan_setup_cost"); (params None)
DEBUG 2024-06-02 18:26:51,405 schema CREATE INDEX "gmtisp_billing_planpricing_created_7a27abd0" ON "gmtisp_billing_planpricing" ("created"); (params None)
DEBUG 2024-06-02 18:26:51,406 schema CREATE INDEX "gmtisp_billing_planpricing_price_f113f45c" ON "gmtisp_billing_planpricing" ("price"); (params None)
DEBUG 2024-06-02 18:26:51,408 schema CREATE INDEX "gmtisp_billing_planquota_created_d52d2934" ON "gmtisp_billing_planquota" ("created"); (params None)
DEBUG 2024-06-02 18:26:51,410 schema CREATE INDEX "gmtisp_billing_pricing_created_64c403ac" ON "gmtisp_billing_pricing" ("created"); (params None)
DEBUG 2024-06-02 18:26:51,413 schema CREATE INDEX "gmtisp_billing_pricing_period_a18c0bad" ON "gmtisp_billing_pricing" ("period"); (params None)
DEBUG 2024-06-02 18:26:51,415 schema CREATE INDEX "gmtisp_billing_quota_order_4f9985c2" ON "gmtisp_billing_quota" ("order"); (params None)
DEBUG 2024-06-02 18:26:51,417 schema CREATE INDEX "gmtisp_billing_quota_created_c57216d1" ON "gmtisp_billing_quota" ("created"); (params None)
DEBUG 2024-06-02 18:26:51,418 schema CREATE INDEX "gmtisp_billing_quota_codename_5f820b20_like" ON "gmtisp_billing_quota" ("codename" varchar_pattern_ops); (params None)
DEBUG 2024-06-02 18:26:51,419 schema CREATE INDEX "gmtisp_billing_recurringuserplan_created_5d8ee29f" ON "gmtisp_billing_recurringuserplan" ("created"); (params None)
DEBUG 2024-06-02 18:26:51,422 schema CREATE INDEX "gmtisp_billing_recurringuserplan_amount_46b38064" ON "gmtisp_billing_recurringuserplan" ("amount"); (params None)
DEBUG 2024-06-02 18:26:51,424 schema CREATE INDEX "gmtisp_billing_recurringuserplan_tax_35ce7473" ON "gmtisp_billing_recurringuserplan" ("tax"); (params None)
DEBUG 2024-06-02 18:26:51,425 schema CREATE INDEX "gmtisp_billing_userplan_created_79f6ca82" ON "gmtisp_billing_userplan" ("created"); (params None)
DEBUG 2024-06-02 18:26:51,426 schema CREATE INDEX "gmtisp_billing_userplan_expire_11dfe0f3" ON "gmtisp_billing_userplan" ("expire"); (params None)
DEBUG 2024-06-02 18:26:51,427 schema CREATE INDEX "gmtisp_billing_userplan_active_1de1e980" ON "gmtisp_billing_userplan" ("active"); (params None)
DEBUG 2024-06-02 18:26:51,457 schema ALTER TABLE "gmtisp_billing_userplan" ADD COLUMN "created_by_id" uuid NULL CONSTRAINT "gmtisp_billing_userp_created_by_id_17c60d18_fk_openwisp_" REFERENCES "openwisp_users_user"("id") DEFERRABLE INITIALLY DEFERRED; SET CONSTRAINTS "gmtisp_billing_userp_created_by_id_17c60d18_fk_openwisp_" IMMEDIATE; (params None)
DEBUG 2024-06-02 18:26:51,481 schema ALTER TABLE "gmtisp_billing_userplan" ADD COLUMN "plan_id" bigint NOT NULL CONSTRAINT "gmtisp_billing_userp_plan_id_66d79992_fk_gmtisp_bi" REFERENCES "gmtisp_billing_plan"("id") DEFERRABLE INITIALLY DEFERRED; SET CONSTRAINTS "gmtisp_billing_userp_plan_id_66d79992_fk_gmtisp_bi" IMMEDIATE; (params None)
DEBUG 2024-06-02 18:26:51,499 schema ALTER TABLE "gmtisp_billing_userplan" ADD COLUMN "updated_by_id" uuid NULL CONSTRAINT "gmtisp_billing_userp_updated_by_id_aeb6eee6_fk_openwisp_" REFERENCES "openwisp_users_user"("id") DEFERRABLE INITIALLY DEFERRED; SET CONSTRAINTS "gmtisp_billing_userp_updated_by_id_aeb6eee6_fk_openwisp_" IMMEDIATE; (params None)
DEBUG 2024-06-02 18:26:51,519 schema ALTER TABLE "gmtisp_billing_userplan" ADD COLUMN "user_id" uuid NOT NULL UNIQUE CONSTRAINT "gmtisp_billing_userp_user_id_dd3fd9ab_fk_openwisp_" REFERENCES "openwisp_users_user"("id") DEFERRABLE INITIALLY DEFERRED; SET CONSTRAINTS "gmtisp_billing_userp_user_id_dd3fd9ab_fk_openwisp_" IMMEDIATE; (params None)
DEBUG 2024-06-02 18:26:51,544 schema ALTER TABLE "gmtisp_billing_recurringuserplan" ADD COLUMN "created_by_id" uuid NULL CONSTRAINT "gmtisp_billing_recur_created_by_id_fd9fa42a_fk_openwisp_" REFERENCES "openwisp_users_user"("id") DEFERRABLE INITIALLY DEFERRED; SET CONSTRAINTS "gmtisp_billing_recur_created_by_id_fd9fa42a_fk_openwisp_" IMMEDIATE; (params None)
DEBUG 2024-06-02 18:26:51,567 schema ALTER TABLE "gmtisp_billing_recurringuserplan" ADD COLUMN "organization_id" uuid NOT NULL CONSTRAINT "gmtisp_billing_recur_organization_id_5f284423_fk_openwisp_" REFERENCES "openwisp_users_organization"("id") DEFERRABLE INITIALLY DEFERRED; SET CONSTRAINTS "gmtisp_billing_recur_organization_id_5f284423_fk_openwisp_" IMMEDIATE; (params None)
DEBUG 2024-06-02 18:26:51,590 schema ALTER TABLE "gmtisp_billing_recurringuserplan" ADD COLUMN "pricing_id" bigint NULL CONSTRAINT "gmtisp_billing_recur_pricing_id_f092f0b6_fk_gmtisp_bi" REFERENCES "gmtisp_billing_pricing"("id") DEFERRABLE INITIALLY DEFERRED; SET CONSTRAINTS "gmtisp_billing_recur_pricing_id_f092f0b6_fk_gmtisp_bi" IMMEDIATE; (params None)
DEBUG 2024-06-02 18:26:51,613 schema ALTER TABLE "gmtisp_billing_recurringuserplan" ADD COLUMN "updated_by_id" uuid NULL CONSTRAINT "gmtisp_billing_recur_updated_by_id_81e90bef_fk_openwisp_" REFERENCES "openwisp_users_user"("id") DEFERRABLE INITIALLY DEFERRED; SET CONSTRAINTS "gmtisp_billing_recur_updated_by_id_81e90bef_fk_openwisp_" IMMEDIATE; (params None)
DEBUG 2024-06-02 18:26:51,633 schema ALTER TABLE "gmtisp_billing_recurringuserplan" ADD COLUMN "user_plan_id" bigint NOT NULL UNIQUE CONSTRAINT "gmtisp_billing_recur_user_plan_id_820d463f_fk_gmtisp_bi" REFERENCES "gmtisp_billing_userplan"("id") DEFERRABLE INITIALLY DEFERRED; SET CONSTRAINTS "gmtisp_billing_recur_user_plan_id_820d463f_fk_gmtisp_bi" IMMEDIATE; (params None)
DEBUG 2024-06-02 18:26:51,653 schema ALTER TABLE "gmtisp_billing_quota" ADD COLUMN "created_by_id" uuid NULL CONSTRAINT "gmtisp_billing_quota_created_by_id_3e693026_fk_openwisp_" REFERENCES "openwisp_users_user"("id") DEFERRABLE INITIALLY DEFERRED; SET CONSTRAINTS "gmtisp_billing_quota_created_by_id_3e693026_fk_openwisp_" IMMEDIATE; (params None)
DEBUG 2024-06-02 18:26:51,673 schema ALTER TABLE "gmtisp_billing_quota" ADD COLUMN "organization_id" uuid NOT NULL CONSTRAINT "gmtisp_billing_quota_organization_id_50f721d3_fk_openwisp_" REFERENCES "openwisp_users_organization"("id") DEFERRABLE INITIALLY DEFERRED; SET CONSTRAINTS "gmtisp_billing_quota_organization_id_50f721d3_fk_openwisp_" IMMEDIATE; (params None)
DEBUG 2024-06-02 18:26:51,695 schema ALTER TABLE "gmtisp_billing_quota" ADD COLUMN "updated_by_id" uuid NULL CONSTRAINT "gmtisp_billing_quota_updated_by_id_d134689b_fk_openwisp_" REFERENCES "openwisp_users_user"("id") DEFERRABLE INITIALLY DEFERRED; SET CONSTRAINTS "gmtisp_billing_quota_updated_by_id_d134689b_fk_openwisp_" IMMEDIATE; (params None)
DEBUG 2024-06-02 18:26:51,714 schema ALTER TABLE "gmtisp_billing_pricing" ADD COLUMN "created_by_id" uuid NULL CONSTRAINT "gmtisp_billing_prici_created_by_id_ab5a047a_fk_openwisp_" REFERENCES "openwisp_users_user"("id") DEFERRABLE INITIALLY DEFERRED; SET CONSTRAINTS "gmtisp_billing_prici_created_by_id_ab5a047a_fk_openwisp_" IMMEDIATE; (params None)
DEBUG 2024-06-02 18:26:51,732 schema ALTER TABLE "gmtisp_billing_pricing" ADD COLUMN "organization_id" uuid NOT NULL CONSTRAINT "gmtisp_billing_prici_organization_id_bdaf4ddc_fk_openwisp_" REFERENCES "openwisp_users_organization"("id") DEFERRABLE INITIALLY DEFERRED; SET CONSTRAINTS "gmtisp_billing_prici_organization_id_bdaf4ddc_fk_openwisp_" IMMEDIATE; (params None)
DEBUG 2024-06-02 18:26:51,814 schema ALTER TABLE "gmtisp_billing_pricing" ADD COLUMN "updated_by_id" uuid NULL CONSTRAINT "gmtisp_billing_prici_updated_by_id_731f7635_fk_openwisp_" REFERENCES "openwisp_users_user"("id") DEFERRABLE INITIALLY DEFERRED; SET CONSTRAINTS "gmtisp_billing_prici_updated_by_id_731f7635_fk_openwisp_" IMMEDIATE; (params None)
DEBUG 2024-06-02 18:26:51,828 schema ALTER TABLE "gmtisp_billing_planquota" ADD COLUMN "created_by_id" uuid NULL CONSTRAINT "gmtisp_billing_planq_created_by_id_85f1b77e_fk_openwisp_" REFERENCES "openwisp_users_user"("id") DEFERRABLE INITIALLY DEFERRED; SET CONSTRAINTS "gmtisp_billing_planq_created_by_id_85f1b77e_fk_openwisp_" IMMEDIATE; (params None)
DEBUG 2024-06-02 18:26:51,843 schema ALTER TABLE "gmtisp_billing_planquota" ADD COLUMN "plan_id" bigint NOT NULL CONSTRAINT "gmtisp_billing_planq_plan_id_2372bffa_fk_gmtisp_bi" REFERENCES "gmtisp_billing_plan"("id") DEFERRABLE INITIALLY DEFERRED; SET CONSTRAINTS "gmtisp_billing_planq_plan_id_2372bffa_fk_gmtisp_bi" IMMEDIATE; (params None)
DEBUG 2024-06-02 18:26:51,860 schema ALTER TABLE "gmtisp_billing_planquota" ADD COLUMN "quota_id" bigint NOT NULL CONSTRAINT "gmtisp_billing_planq_quota_id_0b245963_fk_gmtisp_bi" REFERENCES "gmtisp_billing_quota"("id") DEFERRABLE INITIALLY DEFERRED; SET CONSTRAINTS "gmtisp_billing_planq_quota_id_0b245963_fk_gmtisp_bi" IMMEDIATE; (params None)
DEBUG 2024-06-02 18:26:51,875 schema ALTER TABLE "gmtisp_billing_planquota" ADD COLUMN "updated_by_id" uuid NULL CONSTRAINT "gmtisp_billing_planq_updated_by_id_863e12f1_fk_openwisp_" REFERENCES "openwisp_users_user"("id") DEFERRABLE INITIALLY DEFERRED; SET CONSTRAINTS "gmtisp_billing_planq_updated_by_id_863e12f1_fk_openwisp_" IMMEDIATE; (params None)
DEBUG 2024-06-02 18:26:51,891 schema ALTER TABLE "gmtisp_billing_planpricing" ADD COLUMN "created_by_id" uuid NULL CONSTRAINT "gmtisp_billing_planp_created_by_id_fef69d7c_fk_openwisp_" REFERENCES "openwisp_users_user"("id") DEFERRABLE INITIALLY DEFERRED; SET CONSTRAINTS "gmtisp_billing_planp_created_by_id_fef69d7c_fk_openwisp_" IMMEDIATE; (params None)
DEBUG 2024-06-02 18:26:51,909 schema ALTER TABLE "gmtisp_billing_planpricing" ADD COLUMN "plan_id" bigint NOT NULL CONSTRAINT "gmtisp_billing_planp_plan_id_e3886922_fk_gmtisp_bi" REFERENCES "gmtisp_billing_plan"("id") DEFERRABLE INITIALLY DEFERRED; SET CONSTRAINTS "gmtisp_billing_planp_plan_id_e3886922_fk_gmtisp_bi" IMMEDIATE; (params None)
DEBUG 2024-06-02 18:26:51,928 schema ALTER TABLE "gmtisp_billing_planpricing" ADD COLUMN "pricing_id" bigint NOT NULL CONSTRAINT "gmtisp_billing_planp_pricing_id_d96dd45b_fk_gmtisp_bi" REFERENCES "gmtisp_billing_pricing"("id") DEFERRABLE INITIALLY DEFERRED; SET CONSTRAINTS "gmtisp_billing_planp_pricing_id_d96dd45b_fk_gmtisp_bi" IMMEDIATE; (params None)
DEBUG 2024-06-02 18:26:51,945 schema ALTER TABLE "gmtisp_billing_planpricing" ADD COLUMN "updated_by_id" uuid NULL CONSTRAINT "gmtisp_billing_planp_updated_by_id_818ea40b_fk_openwisp_" REFERENCES "openwisp_users_user"("id") DEFERRABLE INITIALLY DEFERRED; SET CONSTRAINTS "gmtisp_billing_planp_updated_by_id_818ea40b_fk_openwisp_" IMMEDIATE; (params None)
DEBUG 2024-06-02 18:26:52,009 schema ALTER TABLE "gmtisp_billing_plan" ADD COLUMN "created_by_id" uuid NULL CONSTRAINT "gmtisp_billing_plan_created_by_id_4c028270_fk_openwisp_" REFERENCES "openwisp_users_user"("id") DEFERRABLE INITIALLY DEFERRED; SET CONSTRAINTS "gmtisp_billing_plan_created_by_id_4c028270_fk_openwisp_" IMMEDIATE; (params None)
DEBUG 2024-06-02 18:26:52,026 schema ALTER TABLE "gmtisp_billing_plan" ADD COLUMN "customized_id" uuid NULL CONSTRAINT "gmtisp_billing_plan_customized_id_7d421c0d_fk_openwisp_" REFERENCES "openwisp_users_user"("id") DEFERRABLE INITIALLY DEFERRED; SET CONSTRAINTS "gmtisp_billing_plan_customized_id_7d421c0d_fk_openwisp_" IMMEDIATE; (params None)
DEBUG 2024-06-02 18:26:52,041 schema ALTER TABLE "gmtisp_billing_plan" ADD COLUMN "organization_id" uuid NOT NULL CONSTRAINT "gmtisp_billing_plan_organization_id_d728bba0_fk_openwisp_" REFERENCES "openwisp_users_organization"("id") DEFERRABLE INITIALLY DEFERRED; SET CONSTRAINTS "gmtisp_billing_plan_organization_id_d728bba0_fk_openwisp_" IMMEDIATE; (params None)
DEBUG 2024-06-02 18:26:52,077 schema ALTER TABLE "gmtisp_billing_plan" ADD COLUMN "radius_group_id" uuid NULL CONSTRAINT "gmtisp_billing_plan_radius_group_id_e1663731_fk_openwisp_" REFERENCES "openwisp_radius_radiusgroup"("id") DEFERRABLE INITIALLY DEFERRED; SET CONSTRAINTS "gmtisp_billing_plan_radius_group_id_e1663731_fk_openwisp_" IMMEDIATE; (params None)
DEBUG 2024-06-02 18:26:52,094 schema ALTER TABLE "gmtisp_billing_plan" ADD COLUMN "temp_radius_group_id" uuid NULL CONSTRAINT "gmtisp_billing_plan_temp_radius_group_id_af529fcc_fk_openwisp_" REFERENCES "openwisp_radius_radiusgroup"("id") DEFERRABLE INITIALLY DEFERRED; SET CONSTRAINTS "gmtisp_billing_plan_temp_radius_group_id_af529fcc_fk_openwisp_" IMMEDIATE; (params None)
DEBUG 2024-06-02 18:26:52,113 schema ALTER TABLE "gmtisp_billing_plan" ADD COLUMN "updated_by_id" uuid NULL CONSTRAINT "gmtisp_billing_plan_updated_by_id_c21ba0cd_fk_openwisp_" REFERENCES "openwisp_users_user"("id") DEFERRABLE INITIALLY DEFERRED; SET CONSTRAINTS "gmtisp_billing_plan_updated_by_id_c21ba0cd_fk_openwisp_" IMMEDIATE; (params None)
DEBUG 2024-06-02 18:26:52,132 schema ALTER TABLE "gmtisp_billing_order" ADD COLUMN "created_by_id" uuid NULL CONSTRAINT "gmtisp_billing_order_created_by_id_5e3bcb0d_fk_openwisp_" REFERENCES "openwisp_users_user"("id") DEFERRABLE INITIALLY DEFERRED; SET CONSTRAINTS "gmtisp_billing_order_created_by_id_5e3bcb0d_fk_openwisp_" IMMEDIATE; (params None)
DEBUG 2024-06-02 18:26:52,150 schema ALTER TABLE "gmtisp_billing_order" ADD COLUMN "plan_id" bigint NOT NULL CONSTRAINT "gmtisp_billing_order_plan_id_7aab49db_fk_gmtisp_billing_plan_id" REFERENCES "gmtisp_billing_plan"("id") DEFERRABLE INITIALLY DEFERRED; SET CONSTRAINTS "gmtisp_billing_order_plan_id_7aab49db_fk_gmtisp_billing_plan_id" IMMEDIATE; (params None)
DEBUG 2024-06-02 18:26:52,171 schema ALTER TABLE "gmtisp_billing_order" ADD COLUMN "pricing_id" bigint NULL CONSTRAINT "gmtisp_billing_order_pricing_id_87d53b2e_fk_gmtisp_bi" REFERENCES "gmtisp_billing_pricing"("id") DEFERRABLE INITIALLY DEFERRED; SET CONSTRAINTS "gmtisp_billing_order_pricing_id_87d53b2e_fk_gmtisp_bi" IMMEDIATE; (params None)
DEBUG 2024-06-02 18:26:52,191 schema ALTER TABLE "gmtisp_billing_order" ADD COLUMN "updated_by_id" uuid NULL CONSTRAINT "gmtisp_billing_order_updated_by_id_e9efea1a_fk_openwisp_" REFERENCES "openwisp_users_user"("id") DEFERRABLE INITIALLY DEFERRED; SET CONSTRAINTS "gmtisp_billing_order_updated_by_id_e9efea1a_fk_openwisp_" IMMEDIATE; (params None)
DEBUG 2024-06-02 18:26:52,213 schema ALTER TABLE "gmtisp_billing_order" ADD COLUMN "user_id" uuid NOT NULL CONSTRAINT "gmtisp_billing_order_user_id_e22ef21f_fk_openwisp_users_user_id" REFERENCES "openwisp_users_user"("id") DEFERRABLE INITIALLY DEFERRED; SET CONSTRAINTS "gmtisp_billing_order_user_id_e22ef21f_fk_openwisp_users_user_id" IMMEDIATE; (params None)
DEBUG 2024-06-02 18:26:52,245 schema ALTER TABLE "gmtisp_billing_invoice" ADD COLUMN "created_by_id" uuid NULL CONSTRAINT "gmtisp_billing_invoi_created_by_id_4b246b78_fk_openwisp_" REFERENCES "openwisp_users_user"("id") DEFERRABLE INITIALLY DEFERRED; SET CONSTRAINTS "gmtisp_billing_invoi_created_by_id_4b246b78_fk_openwisp_" IMMEDIATE; (params None)
DEBUG 2024-06-02 18:26:52,279 schema ALTER TABLE "gmtisp_billing_invoice" ADD COLUMN "order_id" bigint NOT NULL CONSTRAINT "gmtisp_billing_invoi_order_id_669cfd5b_fk_gmtisp_bi" REFERENCES "gmtisp_billing_order"("id") DEFERRABLE INITIALLY DEFERRED; SET CONSTRAINTS "gmtisp_billing_invoi_order_id_669cfd5b_fk_gmtisp_bi" IMMEDIATE; (params None)
DEBUG 2024-06-02 18:26:52,312 schema ALTER TABLE "gmtisp_billing_invoice" ADD COLUMN "organization_id" uuid NOT NULL CONSTRAINT "gmtisp_billing_invoi_organization_id_c76d8b6e_fk_openwisp_" REFERENCES "openwisp_users_organization"("id") DEFERRABLE INITIALLY DEFERRED; SET CONSTRAINTS "gmtisp_billing_invoi_organization_id_c76d8b6e_fk_openwisp_" IMMEDIATE; (params None)
DEBUG 2024-06-02 18:26:52,413 schema ALTER TABLE "gmtisp_billing_invoice" ADD COLUMN "updated_by_id" uuid NULL CONSTRAINT "gmtisp_billing_invoi_updated_by_id_52135465_fk_openwisp_" REFERENCES "openwisp_users_user"("id") DEFERRABLE INITIALLY DEFERRED; SET CONSTRAINTS "gmtisp_billing_invoi_updated_by_id_52135465_fk_openwisp_" IMMEDIATE; (params None)
DEBUG 2024-06-02 18:26:52,444 schema ALTER TABLE "gmtisp_billing_invoice" ADD COLUMN "user_id" uuid NOT NULL CONSTRAINT "gmtisp_billing_invoi_user_id_7c3f8f22_fk_openwisp_" REFERENCES "openwisp_users_user"("id") DEFERRABLE INITIALLY DEFERRED; SET CONSTRAINTS "gmtisp_billing_invoi_user_id_7c3f8f22_fk_openwisp_" IMMEDIATE; (params None)
DEBUG 2024-06-02 18:26:52,489 schema ALTER TABLE "gmtisp_billing_billinginfo" ADD COLUMN "created_by_id" uuid NULL CONSTRAINT "gmtisp_billing_billi_created_by_id_07522e6c_fk_openwisp_" REFERENCES "openwisp_users_user"("id") DEFERRABLE INITIALLY DEFERRED; SET CONSTRAINTS "gmtisp_billing_billi_created_by_id_07522e6c_fk_openwisp_" IMMEDIATE; (params None)
DEBUG 2024-06-02 18:26:52,532 schema ALTER TABLE "gmtisp_billing_billinginfo" ADD COLUMN "organization_id" uuid NOT NULL CONSTRAINT "gmtisp_billing_billi_organization_id_c734eebe_fk_openwisp_" REFERENCES "openwisp_users_organization"("id") DEFERRABLE INITIALLY DEFERRED; SET CONSTRAINTS "gmtisp_billing_billi_organization_id_c734eebe_fk_openwisp_" IMMEDIATE; (params None)
DEBUG 2024-06-02 18:26:52,571 schema ALTER TABLE "gmtisp_billing_billinginfo" ADD COLUMN "updated_by_id" uuid NULL CONSTRAINT "gmtisp_billing_billi_updated_by_id_bb6b35de_fk_openwisp_" REFERENCES "openwisp_users_user"("id") DEFERRABLE INITIALLY DEFERRED; SET CONSTRAINTS "gmtisp_billing_billi_updated_by_id_bb6b35de_fk_openwisp_" IMMEDIATE; (params None)
DEBUG 2024-06-02 18:26:52,614 schema ALTER TABLE "gmtisp_billing_billinginfo" ADD COLUMN "user_id" uuid NOT NULL UNIQUE CONSTRAINT "gmtisp_billing_billi_user_id_35e96878_fk_openwisp_" REFERENCES "openwisp_users_user"("id") DEFERRABLE INITIALLY DEFERRED; SET CONSTRAINTS "gmtisp_billing_billi_user_id_35e96878_fk_openwisp_" IMMEDIATE; (params None)
DEBUG 2024-06-02 18:26:52,662 schema ALTER TABLE "gmtisp_billing_bandwidthsettings" ADD COLUMN "organization_id" uuid NOT NULL CONSTRAINT "gmtisp_billing_bandw_organization_id_033545e3_fk_openwisp_" REFERENCES "openwisp_users_organization"("id") DEFERRABLE INITIALLY DEFERRED; SET CONSTRAINTS "gmtisp_billing_bandw_organization_id_033545e3_fk_openwisp_" IMMEDIATE; (params None)
DEBUG 2024-06-02 18:26:52,663 schema CREATE INDEX "gmtisp_billing_userplan_created_by_id_17c60d18" ON "gmtisp_billing_userplan" ("created_by_id"); (params None)
DEBUG 2024-06-02 18:26:52,665 schema CREATE INDEX "gmtisp_billing_userplan_plan_id_66d79992" ON "gmtisp_billing_userplan" ("plan_id"); (params None)
DEBUG 2024-06-02 18:26:52,666 schema CREATE INDEX "gmtisp_billing_userplan_updated_by_id_aeb6eee6" ON "gmtisp_billing_userplan" ("updated_by_id"); (params None)
DEBUG 2024-06-02 18:26:52,667 schema CREATE INDEX "gmtisp_billing_recurringuserplan_created_by_id_fd9fa42a" ON "gmtisp_billing_recurringuserplan" ("created_by_id"); (params None)
DEBUG 2024-06-02 18:26:52,669 schema CREATE INDEX "gmtisp_billing_recurringuserplan_organization_id_5f284423" ON "gmtisp_billing_recurringuserplan" ("organization_id"); (params None)
DEBUG 2024-06-02 18:26:52,670 schema CREATE INDEX "gmtisp_billing_recurringuserplan_pricing_id_f092f0b6" ON "gmtisp_billing_recurringuserplan" ("pricing_id"); (params None)
DEBUG 2024-06-02 18:26:52,672 schema CREATE INDEX "gmtisp_billing_recurringuserplan_updated_by_id_81e90bef" ON "gmtisp_billing_recurringuserplan" ("updated_by_id"); (params None)
DEBUG 2024-06-02 18:26:52,673 schema CREATE INDEX "gmtisp_billing_quota_created_by_id_3e693026" ON "gmtisp_billing_quota" ("created_by_id"); (params None)
DEBUG 2024-06-02 18:26:52,675 schema CREATE INDEX "gmtisp_billing_quota_organization_id_50f721d3" ON "gmtisp_billing_quota" ("organization_id"); (params None)
DEBUG 2024-06-02 18:26:52,677 schema CREATE INDEX "gmtisp_billing_quota_updated_by_id_d134689b" ON "gmtisp_billing_quota" ("updated_by_id"); (params None)
DEBUG 2024-06-02 18:26:52,679 schema CREATE INDEX "gmtisp_billing_pricing_created_by_id_ab5a047a" ON "gmtisp_billing_pricing" ("created_by_id"); (params None)
DEBUG 2024-06-02 18:26:52,680 schema CREATE INDEX "gmtisp_billing_pricing_organization_id_bdaf4ddc" ON "gmtisp_billing_pricing" ("organization_id"); (params None)
DEBUG 2024-06-02 18:26:52,681 schema CREATE INDEX "gmtisp_billing_pricing_updated_by_id_731f7635" ON "gmtisp_billing_pricing" ("updated_by_id"); (params None)
DEBUG 2024-06-02 18:26:52,683 schema CREATE INDEX "gmtisp_billing_planquota_created_by_id_85f1b77e" ON "gmtisp_billing_planquota" ("created_by_id"); (params None)
DEBUG 2024-06-02 18:26:52,684 schema CREATE INDEX "gmtisp_billing_planquota_plan_id_2372bffa" ON "gmtisp_billing_planquota" ("plan_id"); (params None)
DEBUG 2024-06-02 18:26:52,685 schema CREATE INDEX "gmtisp_billing_planquota_quota_id_0b245963" ON "gmtisp_billing_planquota" ("quota_id"); (params None)
DEBUG 2024-06-02 18:26:52,687 schema CREATE INDEX "gmtisp_billing_planquota_updated_by_id_863e12f1" ON "gmtisp_billing_planquota" ("updated_by_id"); (params None)
DEBUG 2024-06-02 18:26:52,689 schema CREATE INDEX "gmtisp_billing_planpricing_created_by_id_fef69d7c" ON "gmtisp_billing_planpricing" ("created_by_id"); (params None)
DEBUG 2024-06-02 18:26:52,693 schema CREATE INDEX "gmtisp_billing_planpricing_plan_id_e3886922" ON "gmtisp_billing_planpricing" ("plan_id"); (params None)
DEBUG 2024-06-02 18:26:52,694 schema CREATE INDEX "gmtisp_billing_planpricing_pricing_id_d96dd45b" ON "gmtisp_billing_planpricing" ("pricing_id"); (params None)
DEBUG 2024-06-02 18:26:52,696 schema CREATE INDEX "gmtisp_billing_planpricing_updated_by_id_818ea40b" ON "gmtisp_billing_planpricing" ("updated_by_id"); (params None)
DEBUG 2024-06-02 18:26:52,697 schema CREATE INDEX "gmtisp_billing_plan_created_by_id_4c028270" ON "gmtisp_billing_plan" ("created_by_id"); (params None)
DEBUG 2024-06-02 18:26:52,699 schema CREATE INDEX "gmtisp_billing_plan_customized_id_7d421c0d" ON "gmtisp_billing_plan" ("customized_id"); (params None)
DEBUG 2024-06-02 18:26:52,700 schema CREATE INDEX "gmtisp_billing_plan_organization_id_d728bba0" ON "gmtisp_billing_plan" ("organization_id"); (params None)
DEBUG 2024-06-02 18:26:52,702 schema CREATE INDEX "gmtisp_billing_plan_radius_group_id_e1663731" ON "gmtisp_billing_plan" ("radius_group_id"); (params None)
DEBUG 2024-06-02 18:26:52,703 schema CREATE INDEX "gmtisp_billing_plan_temp_radius_group_id_af529fcc" ON "gmtisp_billing_plan" ("temp_radius_group_id"); (params None)
DEBUG 2024-06-02 18:26:52,706 schema CREATE INDEX "gmtisp_billing_plan_updated_by_id_c21ba0cd" ON "gmtisp_billing_plan" ("updated_by_id"); (params None)
DEBUG 2024-06-02 18:26:52,707 schema CREATE INDEX "gmtisp_billing_order_created_by_id_5e3bcb0d" ON "gmtisp_billing_order" ("created_by_id"); (params None)
DEBUG 2024-06-02 18:26:52,711 schema CREATE INDEX "gmtisp_billing_order_plan_id_7aab49db" ON "gmtisp_billing_order" ("plan_id"); (params None)
DEBUG 2024-06-02 18:26:52,712 schema CREATE INDEX "gmtisp_billing_order_pricing_id_87d53b2e" ON "gmtisp_billing_order" ("pricing_id"); (params None)
DEBUG 2024-06-02 18:26:52,714 schema CREATE INDEX "gmtisp_billing_order_updated_by_id_e9efea1a" ON "gmtisp_billing_order" ("updated_by_id"); (params None)
DEBUG 2024-06-02 18:26:52,715 schema CREATE INDEX "gmtisp_billing_order_user_id_e22ef21f" ON "gmtisp_billing_order" ("user_id"); (params None)
DEBUG 2024-06-02 18:26:52,716 schema CREATE INDEX "gmtisp_billing_invoice_created_by_id_4b246b78" ON "gmtisp_billing_invoice" ("created_by_id"); (params None)
DEBUG 2024-06-02 18:26:52,718 schema CREATE INDEX "gmtisp_billing_invoice_order_id_669cfd5b" ON "gmtisp_billing_invoice" ("order_id"); (params None)
DEBUG 2024-06-02 18:26:52,720 schema CREATE INDEX "gmtisp_billing_invoice_organization_id_c76d8b6e" ON "gmtisp_billing_invoice" ("organization_id"); (params None)
DEBUG 2024-06-02 18:26:52,722 schema CREATE INDEX "gmtisp_billing_invoice_updated_by_id_52135465" ON "gmtisp_billing_invoice" ("updated_by_id"); (params None)
DEBUG 2024-06-02 18:26:52,723 schema CREATE INDEX "gmtisp_billing_invoice_user_id_7c3f8f22" ON "gmtisp_billing_invoice" ("user_id"); (params None)
DEBUG 2024-06-02 18:26:52,725 schema CREATE INDEX "gmtisp_billing_billinginfo_created_by_id_07522e6c" ON "gmtisp_billing_billinginfo" ("created_by_id"); (params None)
DEBUG 2024-06-02 18:26:52,727 schema CREATE INDEX "gmtisp_billing_billinginfo_organization_id_c734eebe" ON "gmtisp_billing_billinginfo" ("organization_id"); (params None)
DEBUG 2024-06-02 18:26:52,728 schema CREATE INDEX "gmtisp_billing_billinginfo_updated_by_id_bb6b35de" ON "gmtisp_billing_billinginfo" ("updated_by_id"); (params None)
DEBUG 2024-06-02 18:26:52,730 schema CREATE INDEX "gmtisp_billing_bandwidthsettings_organization_id_033545e3" ON "gmtisp_billing_bandwidthsettings" ("organization_id"); (params None)
DEBUG 2024-06-02 18:26:52,814 schema SET CONSTRAINTS "gmtisp_billing_billi_created_by_id_07522e6c_fk_openwisp_" IMMEDIATE; ALTER TABLE "gmtisp_billing_billinginfo" DROP CONSTRAINT "gmtisp_billing_billi_created_by_id_07522e6c_fk_openwisp_"; (params None)
DEBUG 2024-06-02 18:26:52,815 schema ALTER TABLE "gmtisp_billing_billinginfo" DROP COLUMN "created_by_id" CASCADE; (params None)
DEBUG 2024-06-02 18:26:52,853 schema SET CONSTRAINTS "gmtisp_billing_billi_updated_by_id_bb6b35de_fk_openwisp_" IMMEDIATE; ALTER TABLE "gmtisp_billing_billinginfo" DROP CONSTRAINT "gmtisp_billing_billi_updated_by_id_bb6b35de_fk_openwisp_"; (params None)
DEBUG 2024-06-02 18:26:52,854 schema ALTER TABLE "gmtisp_billing_billinginfo" DROP COLUMN "updated_by_id" CASCADE; (params None)
DEBUG 2024-06-02 18:26:52,897 schema SET CONSTRAINTS "gmtisp_billing_invoi_created_by_id_4b246b78_fk_openwisp_" IMMEDIATE; ALTER TABLE "gmtisp_billing_invoice" DROP CONSTRAINT "gmtisp_billing_invoi_created_by_id_4b246b78_fk_openwisp_"; (params None)
DEBUG 2024-06-02 18:26:52,897 schema ALTER TABLE "gmtisp_billing_invoice" DROP COLUMN "created_by_id" CASCADE; (params None)
DEBUG 2024-06-02 18:26:52,938 schema SET CONSTRAINTS "gmtisp_billing_invoi_updated_by_id_52135465_fk_openwisp_" IMMEDIATE; ALTER TABLE "gmtisp_billing_invoice" DROP CONSTRAINT "gmtisp_billing_invoi_updated_by_id_52135465_fk_openwisp_"; (params None)
DEBUG 2024-06-02 18:26:52,939 schema ALTER TABLE "gmtisp_billing_invoice" DROP COLUMN "updated_by_id" CASCADE; (params None)
DEBUG 2024-06-02 18:26:52,984 schema SET CONSTRAINTS "gmtisp_billing_order_created_by_id_5e3bcb0d_fk_openwisp_" IMMEDIATE; ALTER TABLE "gmtisp_billing_order" DROP CONSTRAINT "gmtisp_billing_order_created_by_id_5e3bcb0d_fk_openwisp_"; (params None)
DEBUG 2024-06-02 18:26:52,984 schema ALTER TABLE "gmtisp_billing_order" DROP COLUMN "created_by_id" CASCADE; (params None)
DEBUG 2024-06-02 18:26:53,032 schema SET CONSTRAINTS "gmtisp_billing_order_updated_by_id_e9efea1a_fk_openwisp_" IMMEDIATE; ALTER TABLE "gmtisp_billing_order" DROP CONSTRAINT "gmtisp_billing_order_updated_by_id_e9efea1a_fk_openwisp_"; (params None)
DEBUG 2024-06-02 18:26:53,032 schema ALTER TABLE "gmtisp_billing_order" DROP COLUMN "updated_by_id" CASCADE; (params None)
DEBUG 2024-06-02 18:26:53,073 schema SET CONSTRAINTS "gmtisp_billing_plan_created_by_id_4c028270_fk_openwisp_" IMMEDIATE; ALTER TABLE "gmtisp_billing_plan" DROP CONSTRAINT "gmtisp_billing_plan_created_by_id_4c028270_fk_openwisp_"; (params None)
DEBUG 2024-06-02 18:26:53,075 schema ALTER TABLE "gmtisp_billing_plan" DROP COLUMN "created_by_id" CASCADE; (params None)
DEBUG 2024-06-02 18:26:53,115 schema SET CONSTRAINTS "gmtisp_billing_plan_updated_by_id_c21ba0cd_fk_openwisp_" IMMEDIATE; ALTER TABLE "gmtisp_billing_plan" DROP CONSTRAINT "gmtisp_billing_plan_updated_by_id_c21ba0cd_fk_openwisp_"; (params None)
DEBUG 2024-06-02 18:26:53,115 schema ALTER TABLE "gmtisp_billing_plan" DROP COLUMN "updated_by_id" CASCADE; (params None)
DEBUG 2024-06-02 18:26:53,225 schema SET CONSTRAINTS "gmtisp_billing_planp_created_by_id_fef69d7c_fk_openwisp_" IMMEDIATE; ALTER TABLE "gmtisp_billing_planpricing" DROP CONSTRAINT "gmtisp_billing_planp_created_by_id_fef69d7c_fk_openwisp_"; (params None)
DEBUG 2024-06-02 18:26:53,226 schema ALTER TABLE "gmtisp_billing_planpricing" DROP COLUMN "created_by_id" CASCADE; (params None)
DEBUG 2024-06-02 18:26:53,266 schema SET CONSTRAINTS "gmtisp_billing_planp_updated_by_id_818ea40b_fk_openwisp_" IMMEDIATE; ALTER TABLE "gmtisp_billing_planpricing" DROP CONSTRAINT "gmtisp_billing_planp_updated_by_id_818ea40b_fk_openwisp_"; (params None)
DEBUG 2024-06-02 18:26:53,267 schema ALTER TABLE "gmtisp_billing_planpricing" DROP COLUMN "updated_by_id" CASCADE; (params None)
DEBUG 2024-06-02 18:26:53,309 schema SET CONSTRAINTS "gmtisp_billing_planq_created_by_id_85f1b77e_fk_openwisp_" IMMEDIATE; ALTER TABLE "gmtisp_billing_planquota" DROP CONSTRAINT "gmtisp_billing_planq_created_by_id_85f1b77e_fk_openwisp_"; (params None)
DEBUG 2024-06-02 18:26:53,310 schema ALTER TABLE "gmtisp_billing_planquota" DROP COLUMN "created_by_id" CASCADE; (params None)
DEBUG 2024-06-02 18:26:53,425 schema SET CONSTRAINTS "gmtisp_billing_planq_updated_by_id_863e12f1_fk_openwisp_" IMMEDIATE; ALTER TABLE "gmtisp_billing_planquota" DROP CONSTRAINT "gmtisp_billing_planq_updated_by_id_863e12f1_fk_openwisp_"; (params None)
DEBUG 2024-06-02 18:26:53,425 schema ALTER TABLE "gmtisp_billing_planquota" DROP COLUMN "updated_by_id" CASCADE; (params None)
DEBUG 2024-06-02 18:26:53,466 schema SET CONSTRAINTS "gmtisp_billing_prici_created_by_id_ab5a047a_fk_openwisp_" IMMEDIATE; ALTER TABLE "gmtisp_billing_pricing" DROP CONSTRAINT "gmtisp_billing_prici_created_by_id_ab5a047a_fk_openwisp_"; (params None)
DEBUG 2024-06-02 18:26:53,467 schema ALTER TABLE "gmtisp_billing_pricing" DROP COLUMN "created_by_id" CASCADE; (params None)
DEBUG 2024-06-02 18:26:53,511 schema SET CONSTRAINTS "gmtisp_billing_prici_updated_by_id_731f7635_fk_openwisp_" IMMEDIATE; ALTER TABLE "gmtisp_billing_pricing" DROP CONSTRAINT "gmtisp_billing_prici_updated_by_id_731f7635_fk_openwisp_"; (params None)
DEBUG 2024-06-02 18:26:53,512 schema ALTER TABLE "gmtisp_billing_pricing" DROP COLUMN "updated_by_id" CASCADE; (params None)
DEBUG 2024-06-02 18:26:53,558 schema SET CONSTRAINTS "gmtisp_billing_quota_created_by_id_3e693026_fk_openwisp_" IMMEDIATE; ALTER TABLE "gmtisp_billing_quota" DROP CONSTRAINT "gmtisp_billing_quota_created_by_id_3e693026_fk_openwisp_"; (params None)
DEBUG 2024-06-02 18:26:53,559 schema ALTER TABLE "gmtisp_billing_quota" DROP COLUMN "created_by_id" CASCADE; (params None)
DEBUG 2024-06-02 18:26:53,599 schema SET CONSTRAINTS "gmtisp_billing_quota_updated_by_id_d134689b_fk_openwisp_" IMMEDIATE; ALTER TABLE "gmtisp_billing_quota" DROP CONSTRAINT "gmtisp_billing_quota_updated_by_id_d134689b_fk_openwisp_"; (params None)
DEBUG 2024-06-02 18:26:53,599 schema ALTER TABLE "gmtisp_billing_quota" DROP COLUMN "updated_by_id" CASCADE; (params None)
DEBUG 2024-06-02 18:26:53,639 schema SET CONSTRAINTS "gmtisp_billing_recur_created_by_id_fd9fa42a_fk_openwisp_" IMMEDIATE; ALTER TABLE "gmtisp_billing_recurringuserplan" DROP CONSTRAINT "gmtisp_billing_recur_created_by_id_fd9fa42a_fk_openwisp_"; (params None)
DEBUG 2024-06-02 18:26:53,640 schema ALTER TABLE "gmtisp_billing_recurringuserplan" DROP COLUMN "created_by_id" CASCADE; (params None)
DEBUG 2024-06-02 18:26:53,680 schema SET CONSTRAINTS "gmtisp_billing_recur_updated_by_id_81e90bef_fk_openwisp_" IMMEDIATE; ALTER TABLE "gmtisp_billing_recurringuserplan" DROP CONSTRAINT "gmtisp_billing_recur_updated_by_id_81e90bef_fk_openwisp_"; (params None)
DEBUG 2024-06-02 18:26:53,681 schema ALTER TABLE "gmtisp_billing_recurringuserplan" DROP COLUMN "updated_by_id" CASCADE; (params None)
DEBUG 2024-06-02 18:26:53,722 schema SET CONSTRAINTS "gmtisp_billing_userp_created_by_id_17c60d18_fk_openwisp_" IMMEDIATE; ALTER TABLE "gmtisp_billing_userplan" DROP CONSTRAINT "gmtisp_billing_userp_created_by_id_17c60d18_fk_openwisp_"; (params None)
DEBUG 2024-06-02 18:26:53,723 schema ALTER TABLE "gmtisp_billing_userplan" DROP COLUMN "created_by_id" CASCADE; (params None)
DEBUG 2024-06-02 18:26:53,763 schema SET CONSTRAINTS "gmtisp_billing_userp_updated_by_id_aeb6eee6_fk_openwisp_" IMMEDIATE; ALTER TABLE "gmtisp_billing_userplan" DROP CONSTRAINT "gmtisp_billing_userp_updated_by_id_aeb6eee6_fk_openwisp_"; (params None)
DEBUG 2024-06-02 18:26:53,763 schema ALTER TABLE "gmtisp_billing_userplan" DROP COLUMN "updated_by_id" CASCADE; (params None)
DEBUG 2024-06-02 18:26:53,810 schema ALTER TABLE "gmtisp_billing_bandwidthsettings" DROP COLUMN "burst_rate_down" CASCADE; (params None)
DEBUG 2024-06-02 18:26:53,840 schema ALTER TABLE "gmtisp_billing_bandwidthsettings" DROP COLUMN "burst_rate_up" CASCADE; (params None)
DEBUG 2024-06-02 18:26:53,871 schema ALTER TABLE "gmtisp_billing_bandwidthsettings" DROP COLUMN "burst_threshold_down" CASCADE; (params None)
DEBUG 2024-06-02 18:26:53,902 schema ALTER TABLE "gmtisp_billing_bandwidthsettings" DROP COLUMN "burst_threshold_up" CASCADE; (params None)
DEBUG 2024-06-02 18:26:53,932 schema ALTER TABLE "gmtisp_billing_bandwidthsettings" DROP COLUMN "burst_time_down" CASCADE; (params None)
DEBUG 2024-06-02 18:26:53,964 schema ALTER TABLE "gmtisp_billing_bandwidthsettings" DROP COLUMN "burst_time_up" CASCADE; (params None)
DEBUG 2024-06-02 18:26:53,995 schema ALTER TABLE "gmtisp_billing_bandwidthsettings" DROP COLUMN "min_rate_down" CASCADE; (params None)
DEBUG 2024-06-02 18:26:54,026 schema ALTER TABLE "gmtisp_billing_bandwidthsettings" DROP COLUMN "min_rate_up" CASCADE; (params None)
DEBUG 2024-06-02 18:26:54,058 schema ALTER TABLE "gmtisp_billing_bandwidthsettings" DROP COLUMN "rate_limit_down" CASCADE; (params None)
DEBUG 2024-06-02 18:26:54,088 schema ALTER TABLE "gmtisp_billing_bandwidthsettings" DROP COLUMN "rate_limit_up" CASCADE; (params None)
DEBUG 2024-06-02 18:26:54,540 schema CREATE TABLE "openwisp_radius_registereduser" ("user_id" uuid NOT NULL PRIMARY KEY, "method" varchar(64) NOT NULL, "is_verified" boolean NOT NULL, "modified" timestamp with time zone NOT NULL); (params None)
DEBUG 2024-06-02 18:26:54,592 schema ALTER TABLE "radusergroup" ADD COLUMN "group_id" uuid NULL CONSTRAINT "radusergroup_group_id_0dbc5c53_fk_openwisp_" REFERENCES "openwisp_radius_radiusgroup"("id") DEFERRABLE INITIALLY DEFERRED; SET CONSTRAINTS "radusergroup_group_id_0dbc5c53_fk_openwisp_" IMMEDIATE; (params None)
DEBUG 2024-06-02 18:26:54,636 schema ALTER TABLE "radusergroup" ADD COLUMN "user_id" uuid NULL CONSTRAINT "radusergroup_user_id_5a7fd66b_fk_openwisp_users_user_id" REFERENCES "openwisp_users_user"("id") DEFERRABLE INITIALLY DEFERRED; SET CONSTRAINTS "radusergroup_user_id_5a7fd66b_fk_openwisp_users_user_id" IMMEDIATE; (params None)
DEBUG 2024-06-02 18:26:54,678 schema ALTER TABLE "radiustoken" ADD COLUMN "organization_id" uuid NOT NULL CONSTRAINT "radiustoken_organization_id_8e1824bf_fk_openwisp_" REFERENCES "openwisp_users_organization"("id") DEFERRABLE INITIALLY DEFERRED; SET CONSTRAINTS "radiustoken_organization_id_8e1824bf_fk_openwisp_" IMMEDIATE; (params None)
DEBUG 2024-06-02 18:26:54,725 schema ALTER TABLE "radiustoken" ADD COLUMN "user_id" uuid NOT NULL UNIQUE CONSTRAINT "radiustoken_user_id_24dcf974_fk_openwisp_users_user_id" REFERENCES "openwisp_users_user"("id") DEFERRABLE INITIALLY DEFERRED; SET CONSTRAINTS "radiustoken_user_id_24dcf974_fk_openwisp_users_user_id" IMMEDIATE; (params None)
DEBUG 2024-06-02 18:26:54,770 schema ALTER TABLE "radreply" ADD COLUMN "organization_id" uuid NOT NULL CONSTRAINT "radreply_organization_id_848b9c0b_fk_openwisp_" REFERENCES "openwisp_users_organization"("id") DEFERRABLE INITIALLY DEFERRED; SET CONSTRAINTS "radreply_organization_id_848b9c0b_fk_openwisp_" IMMEDIATE; (params None)
DEBUG 2024-06-02 18:26:54,813 schema ALTER TABLE "radreply" ADD COLUMN "user_id" uuid NULL CONSTRAINT "radreply_user_id_7ec33bf1_fk_openwisp_users_user_id" REFERENCES "openwisp_users_user"("id") DEFERRABLE INITIALLY DEFERRED; SET CONSTRAINTS "radreply_user_id_7ec33bf1_fk_openwisp_users_user_id" IMMEDIATE; (params None)
DEBUG 2024-06-02 18:26:54,858 schema ALTER TABLE "radpostauth" ADD COLUMN "organization_id" uuid NOT NULL CONSTRAINT "radpostauth_organization_id_de44db05_fk_openwisp_" REFERENCES "openwisp_users_organization"("id") DEFERRABLE INITIALLY DEFERRED; SET CONSTRAINTS "radpostauth_organization_id_de44db05_fk_openwisp_" IMMEDIATE; (params None)
DEBUG 2024-06-02 18:26:54,900 schema ALTER TABLE "radgroupreply" ADD COLUMN "group_id" uuid NULL CONSTRAINT "radgroupreply_group_id_fbded6b3_fk_openwisp_" REFERENCES "openwisp_radius_radiusgroup"("id") DEFERRABLE INITIALLY DEFERRED; SET CONSTRAINTS "radgroupreply_group_id_fbded6b3_fk_openwisp_" IMMEDIATE; (params None)
DEBUG 2024-06-02 18:26:54,943 schema ALTER TABLE "radgroupcheck" ADD COLUMN "group_id" uuid NULL CONSTRAINT "radgroupcheck_group_id_2ff27220_fk_openwisp_" REFERENCES "openwisp_radius_radiusgroup"("id") DEFERRABLE INITIALLY DEFERRED; SET CONSTRAINTS "radgroupcheck_group_id_2ff27220_fk_openwisp_" IMMEDIATE; (params None)
DEBUG 2024-06-02 18:26:54,985 schema ALTER TABLE "openwisp_radius_radiusgroup" ADD COLUMN "organization_id" uuid NOT NULL CONSTRAINT "openwisp_radius_radi_organization_id_93a59144_fk_openwisp_" REFERENCES "openwisp_users_organization"("id") DEFERRABLE INITIALLY DEFERRED; SET CONSTRAINTS "openwisp_radius_radi_organization_id_93a59144_fk_openwisp_" IMMEDIATE; (params None)
DEBUG 2024-06-02 18:26:55,029 schema ALTER TABLE "radcheck" ADD COLUMN "organization_id" uuid NOT NULL CONSTRAINT "radcheck_organization_id_305f0018_fk_openwisp_" REFERENCES "openwisp_users_organization"("id") DEFERRABLE INITIALLY DEFERRED; SET CONSTRAINTS "radcheck_organization_id_305f0018_fk_openwisp_" IMMEDIATE; (params None)
DEBUG 2024-06-02 18:26:55,075 schema ALTER TABLE "radcheck" ADD COLUMN "user_id" uuid NULL CONSTRAINT "radcheck_user_id_ccbdb2b3_fk_openwisp_users_user_id" REFERENCES "openwisp_users_user"("id") DEFERRABLE INITIALLY DEFERRED; SET CONSTRAINTS "radcheck_user_id_ccbdb2b3_fk_openwisp_users_user_id" IMMEDIATE; (params None)
DEBUG 2024-06-02 18:26:55,117 schema ALTER TABLE "radbatch" ADD COLUMN "organization_id" uuid NOT NULL CONSTRAINT "radbatch_organization_id_d184d391_fk_openwisp_" REFERENCES "openwisp_users_organization"("id") DEFERRABLE INITIALLY DEFERRED; SET CONSTRAINTS "radbatch_organization_id_d184d391_fk_openwisp_" IMMEDIATE; (params None)
DEBUG 2024-06-02 18:26:55,242 schema CREATE TABLE "radbatch_users" ("id" bigint NOT NULL PRIMARY KEY GENERATED BY DEFAULT AS IDENTITY, "radiusbatch_id" uuid NOT NULL, "user_id" uuid NOT NULL); (params None)
DEBUG 2024-06-02 18:26:55,291 schema ALTER TABLE "radacct" ADD COLUMN "organization_id" uuid NOT NULL CONSTRAINT "radacct_organization_id_53a2e5bc_fk_openwisp_" REFERENCES "openwisp_users_organization"("id") DEFERRABLE INITIALLY DEFERRED; SET CONSTRAINTS "radacct_organization_id_53a2e5bc_fk_openwisp_" IMMEDIATE; (params None)
DEBUG 2024-06-02 18:26:55,336 schema ALTER TABLE "openwisp_radius_phonetoken" ADD COLUMN "user_id" uuid NOT NULL CONSTRAINT "openwisp_radius_phon_user_id_90d96493_fk_openwisp_" REFERENCES "openwisp_users_user"("id") DEFERRABLE INITIALLY DEFERRED; SET CONSTRAINTS "openwisp_radius_phon_user_id_90d96493_fk_openwisp_" IMMEDIATE; (params None)
DEBUG 2024-06-02 18:26:55,383 schema ALTER TABLE "openwisp_radius_organizationradiussettings" ADD COLUMN "organization_id" uuid NOT NULL UNIQUE CONSTRAINT "openwisp_radius_orga_organization_id_90b67ead_fk_openwisp_" REFERENCES "openwisp_users_organization"("id") DEFERRABLE INITIALLY DEFERRED; SET CONSTRAINTS "openwisp_radius_orga_organization_id_90b67ead_fk_openwisp_" IMMEDIATE; (params None)
DEBUG 2024-06-02 18:26:55,432 schema ALTER TABLE "nas" ADD COLUMN "organization_id" uuid NOT NULL CONSTRAINT "nas_organization_id_a0932128_fk_openwisp_users_organization_id" REFERENCES "openwisp_users_organization"("id") DEFERRABLE INITIALLY DEFERRED; SET CONSTRAINTS "nas_organization_id_a0932128_fk_openwisp_users_organization_id" IMMEDIATE; (params None)
DEBUG 2024-06-02 18:26:55,468 schema ALTER TABLE "radusergroup" ADD CONSTRAINT "radusergroup_user_id_group_id_3d9a70aa_uniq" UNIQUE ("user_id", "group_id"); (params None)
DEBUG 2024-06-02 18:26:55,514 schema ALTER TABLE "radbatch" ADD CONSTRAINT "radbatch_name_organization_id_82270c3b_uniq" UNIQUE ("name", "organization_id"); (params None)
DEBUG 2024-06-02 18:26:55,551 schema CREATE INDEX "openwisp_radius_phonetoken_user_id_created_165b8ae8_idx" ON "openwisp_radius_phonetoken" ("user_id", "created"); (params None)
DEBUG 2024-06-02 18:26:55,553 schema CREATE INDEX "openwisp_radius_phonetoken_user_id_created_ip_00ccdd79_idx" ON "openwisp_radius_phonetoken" ("user_id", "created", "ip"); (params None)
DEBUG 2024-06-02 18:26:55,554 schema ALTER TABLE "openwisp_radius_registereduser" ADD CONSTRAINT "openwisp_radius_regi_user_id_3af63f27_fk_openwisp_" FOREIGN KEY ("user_id") REFERENCES "openwisp_users_user" ("id") DEFERRABLE INITIALLY DEFERRED; (params None)
DEBUG 2024-06-02 18:26:55,556 schema CREATE INDEX "radusergroup_group_id_0dbc5c53" ON "radusergroup" ("group_id"); (params None)
DEBUG 2024-06-02 18:26:55,557 schema CREATE INDEX "radusergroup_user_id_5a7fd66b" ON "radusergroup" ("user_id"); (params None)
DEBUG 2024-06-02 18:26:55,558 schema CREATE INDEX "radiustoken_organization_id_8e1824bf" ON "radiustoken" ("organization_id"); (params None)
DEBUG 2024-06-02 18:26:55,560 schema CREATE INDEX "radreply_organization_id_848b9c0b" ON "radreply" ("organization_id"); (params None)
DEBUG 2024-06-02 18:26:55,561 schema CREATE INDEX "radreply_user_id_7ec33bf1" ON "radreply" ("user_id"); (params None)
DEBUG 2024-06-02 18:26:55,563 schema CREATE INDEX "radpostauth_organization_id_de44db05" ON "radpostauth" ("organization_id"); (params None)
DEBUG 2024-06-02 18:26:55,564 schema CREATE INDEX "radgroupreply_group_id_fbded6b3" ON "radgroupreply" ("group_id"); (params None)
DEBUG 2024-06-02 18:26:55,566 schema CREATE INDEX "radgroupcheck_group_id_2ff27220" ON "radgroupcheck" ("group_id"); (params None)
DEBUG 2024-06-02 18:26:55,567 schema CREATE INDEX "openwisp_radius_radiusgroup_organization_id_93a59144" ON "openwisp_radius_radiusgroup" ("organization_id"); (params None)
DEBUG 2024-06-02 18:26:55,569 schema CREATE INDEX "radcheck_organization_id_305f0018" ON "radcheck" ("organization_id"); (params None)
DEBUG 2024-06-02 18:26:55,570 schema CREATE INDEX "radcheck_user_id_ccbdb2b3" ON "radcheck" ("user_id"); (params None)
DEBUG 2024-06-02 18:26:55,572 schema CREATE INDEX "radbatch_organization_id_d184d391" ON "radbatch" ("organization_id"); (params None)
DEBUG 2024-06-02 18:26:55,573 schema ALTER TABLE "radbatch_users" ADD CONSTRAINT "radbatch_users_radiusbatch_id_user_id_8f828365_uniq" UNIQUE ("radiusbatch_id", "user_id"); (params None)
DEBUG 2024-06-02 18:26:55,575 schema ALTER TABLE "radbatch_users" ADD CONSTRAINT "radbatch_users_radiusbatch_id_9f29169c_fk_radbatch_id" FOREIGN KEY ("radiusbatch_id") REFERENCES "radbatch" ("id") DEFERRABLE INITIALLY DEFERRED; (params None)
DEBUG 2024-06-02 18:26:55,577 schema ALTER TABLE "radbatch_users" ADD CONSTRAINT "radbatch_users_user_id_bcd57916_fk_openwisp_users_user_id" FOREIGN KEY ("user_id") REFERENCES "openwisp_users_user" ("id") DEFERRABLE INITIALLY DEFERRED; (params None)
DEBUG 2024-06-02 18:26:55,578 schema CREATE INDEX "radbatch_users_radiusbatch_id_9f29169c" ON "radbatch_users" ("radiusbatch_id"); (params None)
DEBUG 2024-06-02 18:26:55,579 schema CREATE INDEX "radbatch_users_user_id_bcd57916" ON "radbatch_users" ("user_id"); (params None)
DEBUG 2024-06-02 18:26:55,581 schema CREATE INDEX "radacct_organization_id_53a2e5bc" ON "radacct" ("organization_id"); (params None)
DEBUG 2024-06-02 18:26:55,582 schema CREATE INDEX "openwisp_radius_phonetoken_user_id_90d96493" ON "openwisp_radius_phonetoken" ("user_id"); (params None)
DEBUG 2024-06-02 18:26:55,583 schema CREATE INDEX "nas_organization_id_a0932128" ON "nas" ("organization_id"); (params None)
DEBUG 2024-06-02 18:26:55,592 schema CREATE TABLE "django_session" ("session_key" varchar(40) NOT NULL PRIMARY KEY, "session_data" text NOT NULL, "expire_date" timestamp with time zone NOT NULL); (params None)
DEBUG 2024-06-02 18:26:55,596 schema CREATE INDEX "django_session_session_key_c0390e0f_like" ON "django_session" ("session_key" varchar_pattern_ops); (params None)
DEBUG 2024-06-02 18:26:55,597 schema CREATE INDEX "django_session_expire_date_a5c62663" ON "django_session" ("expire_date"); (params None)
DEBUG 2024-06-02 18:26:55,603 schema CREATE TABLE "django_site" ("id" integer NOT NULL PRIMARY KEY GENERATED BY DEFAULT AS IDENTITY, "domain" varchar(100) NOT NULL, "name" varchar(50) NOT NULL); (params None)
DEBUG 2024-06-02 18:26:55,612 schema ALTER TABLE "django_site" ADD CONSTRAINT "django_site_domain_a2e37b91_uniq" UNIQUE ("domain"); (params None)
DEBUG 2024-06-02 18:26:55,615 schema CREATE INDEX "django_site_domain_a2e37b91_like" ON "django_site" ("domain" varchar_pattern_ops); (params None)
DEBUG 2024-06-02 18:26:55,666 schema CREATE TABLE "socialaccount_socialaccount" ("id" integer NOT NULL PRIMARY KEY GENERATED BY DEFAULT AS IDENTITY, "provider" varchar(30) NOT NULL, "uid" varchar(191) NOT NULL, "last_login" timestamp with time zone NOT NULL, "date_joined" timestamp with time zone NOT NULL, "extra_data" text NOT NULL, "user_id" uuid NOT NULL); (params None)
DEBUG 2024-06-02 18:26:55,672 schema CREATE TABLE "socialaccount_socialapp" ("id" integer NOT NULL PRIMARY KEY GENERATED BY DEFAULT AS IDENTITY, "provider" varchar(30) NOT NULL, "name" varchar(40) NOT NULL, "client_id" varchar(100) NOT NULL, "secret" varchar(100) NOT NULL, "key" varchar(100) NOT NULL); (params None)
DEBUG 2024-06-02 18:26:55,675 schema CREATE TABLE "socialaccount_socialapp_sites" ("id" bigint NOT NULL PRIMARY KEY GENERATED BY DEFAULT AS IDENTITY, "socialapp_id" integer NOT NULL, "site_id" integer NOT NULL); (params None)
DEBUG 2024-06-02 18:26:55,731 schema CREATE TABLE "socialaccount_socialtoken" ("id" integer NOT NULL PRIMARY KEY GENERATED BY DEFAULT AS IDENTITY, "token" text NOT NULL, "token_secret" text NOT NULL, "expires_at" timestamp with time zone NULL, "account_id" integer NOT NULL, "app_id" integer NOT NULL); (params None)
DEBUG 2024-06-02 18:26:55,740 schema ALTER TABLE "socialaccount_socialtoken" ADD CONSTRAINT "socialaccount_socialtoken_app_id_account_id_fca4e0ac_uniq" UNIQUE ("app_id", "account_id"); (params None)
DEBUG 2024-06-02 18:26:55,905 schema ALTER TABLE "socialaccount_socialaccount" ADD CONSTRAINT "socialaccount_socialaccount_provider_uid_fc810c6e_uniq" UNIQUE ("provider", "uid"); (params None)
DEBUG 2024-06-02 18:26:55,907 schema ALTER TABLE "socialaccount_socialaccount" ADD CONSTRAINT "socialaccount_social_user_id_8146e70c_fk_openwisp_" FOREIGN KEY ("user_id") REFERENCES "openwisp_users_user" ("id") DEFERRABLE INITIALLY DEFERRED; (params None)
DEBUG 2024-06-02 18:26:55,908 schema CREATE INDEX "socialaccount_socialaccount_user_id_8146e70c" ON "socialaccount_socialaccount" ("user_id"); (params None)
DEBUG 2024-06-02 18:26:55,910 schema ALTER TABLE "socialaccount_socialapp_sites" ADD CONSTRAINT "socialaccount_socialapp__socialapp_id_site_id_71a9a768_uniq" UNIQUE ("socialapp_id", "site_id"); (params None)
DEBUG 2024-06-02 18:26:55,911 schema ALTER TABLE "socialaccount_socialapp_sites" ADD CONSTRAINT "socialaccount_social_socialapp_id_97fb6e7d_fk_socialacc" FOREIGN KEY ("socialapp_id") REFERENCES "socialaccount_socialapp" ("id") DEFERRABLE INITIALLY DEFERRED; (params None)
DEBUG 2024-06-02 18:26:55,912 schema ALTER TABLE "socialaccount_socialapp_sites" ADD CONSTRAINT "socialaccount_social_site_id_2579dee5_fk_django_si" FOREIGN KEY ("site_id") REFERENCES "django_site" ("id") DEFERRABLE INITIALLY DEFERRED; (params None)
DEBUG 2024-06-02 18:26:55,913 schema CREATE INDEX "socialaccount_socialapp_sites_socialapp_id_97fb6e7d" ON "socialaccount_socialapp_sites" ("socialapp_id"); (params None)
DEBUG 2024-06-02 18:26:55,914 schema CREATE INDEX "socialaccount_socialapp_sites_site_id_2579dee5" ON "socialaccount_socialapp_sites" ("site_id"); (params None)
DEBUG 2024-06-02 18:26:55,916 schema ALTER TABLE "socialaccount_socialtoken" ADD CONSTRAINT "socialaccount_social_account_id_951f210e_fk_socialacc" FOREIGN KEY ("account_id") REFERENCES "socialaccount_socialaccount" ("id") DEFERRABLE INITIALLY DEFERRED; (params None)
DEBUG 2024-06-02 18:26:55,918 schema ALTER TABLE "socialaccount_socialtoken" ADD CONSTRAINT "socialaccount_social_app_id_636a42d7_fk_socialacc" FOREIGN KEY ("app_id") REFERENCES "socialaccount_socialapp" ("id") DEFERRABLE INITIALLY DEFERRED; (params None)
DEBUG 2024-06-02 18:26:55,919 schema CREATE INDEX "socialaccount_socialtoken_account_id_951f210e" ON "socialaccount_socialtoken" ("account_id"); (params None)
DEBUG 2024-06-02 18:26:55,921 schema CREATE INDEX "socialaccount_socialtoken_app_id_636a42d7" ON "socialaccount_socialtoken" ("app_id"); (params None)
DEBUG 2024-06-02 18:26:55,969 schema ALTER TABLE "socialaccount_socialapp" ALTER COLUMN "client_id" TYPE varchar(191); (params None)
DEBUG 2024-06-02 18:26:55,973 schema ALTER TABLE "socialaccount_socialapp" ALTER COLUMN "key" TYPE varchar(191); (params None)
DEBUG 2024-06-02 18:26:55,980 schema ALTER TABLE "socialaccount_socialapp" ALTER COLUMN "secret" TYPE varchar(191); (params None)
DEBUG 2024-06-02 18:26:56,026 schema CREATE TABLE "testing_app_project" ("id" uuid NOT NULL PRIMARY KEY, "name" varchar(64) NULL, "key" varchar(64) NOT NULL UNIQUE); (params None)
DEBUG 2024-06-02 18:26:56,079 schema CREATE TABLE "testing_app_shelf" ("id" uuid NOT NULL PRIMARY KEY, "created" timestamp with time zone NOT NULL, "modified" timestamp with time zone NOT NULL, "name" varchar(64) NOT NULL, "books_type" varchar(50) NULL, "books_count" integer NULL CHECK ("books_count" >= 0), "locked" boolean NOT NULL, "created_at" timestamp with time zone NULL, "owner_id" uuid NULL); (params None)
DEBUG 2024-06-02 18:26:56,084 schema CREATE TABLE "testing_app_operator" ("id" bigint NOT NULL PRIMARY KEY GENERATED BY DEFAULT AS IDENTITY, "first_name" varchar(30) NOT NULL, "last_name" varchar(30) NOT NULL, "project_id" uuid NOT NULL); (params None)
DEBUG 2024-06-02 18:26:56,137 schema CREATE TABLE "testing_app_book" ("id" uuid NOT NULL PRIMARY KEY, "created" timestamp with time zone NOT NULL, "modified" timestamp with time zone NOT NULL, "name" varchar(64) NOT NULL, "author" varchar(64) NOT NULL, "shelf_id" uuid NOT NULL); (params None)
DEBUG 2024-06-02 18:26:56,139 schema CREATE INDEX "testing_app_project_key_5ad082c5_like" ON "testing_app_project" ("key" varchar_pattern_ops); (params None)
DEBUG 2024-06-02 18:26:56,140 schema ALTER TABLE "testing_app_shelf" ADD CONSTRAINT "testing_app_shelf_owner_id_45a96e5c_fk_openwisp_users_user_id" FOREIGN KEY ("owner_id") REFERENCES "openwisp_users_user" ("id") DEFERRABLE INITIALLY DEFERRED; (params None)
DEBUG 2024-06-02 18:26:56,141 schema CREATE INDEX "testing_app_shelf_owner_id_45a96e5c" ON "testing_app_shelf" ("owner_id"); (params None)
DEBUG 2024-06-02 18:26:56,143 schema ALTER TABLE "testing_app_operator" ADD CONSTRAINT "testing_app_operator_project_id_1b9666c3_fk_testing_a" FOREIGN KEY ("project_id") REFERENCES "testing_app_project" ("id") DEFERRABLE INITIALLY DEFERRED; (params None)
DEBUG 2024-06-02 18:26:56,144 schema CREATE INDEX "testing_app_operator_project_id_1b9666c3" ON "testing_app_operator" ("project_id"); (params None)
DEBUG 2024-06-02 18:26:56,145 schema ALTER TABLE "testing_app_book" ADD CONSTRAINT "testing_app_book_shelf_id_90c647e1_fk_testing_app_shelf_id" FOREIGN KEY ("shelf_id") REFERENCES "testing_app_shelf" ("id") DEFERRABLE INITIALLY DEFERRED; (params None)
DEBUG 2024-06-02 18:26:56,146 schema CREATE INDEX "testing_app_book_shelf_id_90c647e1" ON "testing_app_book" ("shelf_id"); (params None)
